115
475
284
76
331
296
200
76
275
414
344
382
250
339
282
101
255
20
415
275
175
160
358
239
84
246
365
487
17
448
408
128
373
323
354
169
322
169
230
100
458
162
276
241
449
128
6
123
217
69
477
279
306
120
341
134
418
485
423
279
290
385
498
335
194
228
213
465
433
90
439
111
211
423
148
47
287
207
9
300
370
454
144
430
295
303
70
141
346
267
1
397
470
6
31
240
428
14
368
10
256
219
419
304
310
366
326
268
240
488
332
323
87
283
133
479
100
112
465
324
169
87
211
36
264
349
335
128
171
377
209
77
496
342
36
244
7
15
6
5
0
454
317
119
481
50
310
467
312
74
423
122
348
113
467
18
445
491
127
445
293
15
182
255
58
269
175
490
365
103
251
316
406
483
134
440
441
124
240
475
461
229
75
491
41
461
307
324
246
57
245
495
478
220
166
345
345
121
343
66
45
315
458
32
493
490
334
236
161
276
133
479
124
104
110
311
175
158
129
189
2
49
190
161
437
466
343
242
471
381
215
222
71
314
391
207
454
158
144
404
233
114
173
216
427
17
23
328
218
445
285
94
437
29
406
321
193
149
488
57
373
211
148
252
279
82
113
427
68
6
338
382
269
96
375
376
474
178
473
399
480
434
459
379
147
57
47
87
441
79
60
250
365
44
321
390
226
278
261
275
101
83
225
449
104
98
371
458
146
302
367
485
169
285
436
103
89
385
117
39
459
288
261
323
342
82
340
195
193
2
61
350
193
253
228
78
339
100
429
345
260
21
422
390
378
205
433
362
75
455
211
134
389
113
493
268
438
489
441
223
417
58
370
43
172
194
86
390
442
370
229
34
76
384
210
162
314
257
499
129
201
321
8
398
157
98
450
357
343
217
44
454
451
170
386
44
394
348
298
260
310
151
255
353
72
480
66
18
65
192
19
42
483
335
362
57
41
210
403
369
473
172
124
97
264
68
52
470
241
352
148
209
66
53
476
218
448
213
429
488
284
367
308
337
282
305
56
187
274
106
74
70
386
264
444
412
213
71
156
479
233
130
275
189
152
116
396
118
71
402
357
267
362
360
397
388
428
440
237
437
170
82
372
497
431
489
166
0
140
34
165
282
143
421
231
476
116
492
87
393
155
157
120
356
148
17
456
289
416
305
357
147
467
102
149
59
35
340
490
441
55
278
188
303
177
436
437
98
492
326
370
168
309
284
485
492
67
163
269
128
79
358
421
173
305
475
101
274
31
285
160
19
305
379
322
163
128
275
145
358
183
417
466
473
358
19
312
277
41
42
486
396
137
9
113
263
403
52
427
402
267
166
471
455
254
169
437
129
453
448
104
270
452
56
429
444
129
304
454
28
