477
27
279
313
397
284
453
25
328
97
276
78
479
387
121
29
59
24
561
76
32
82
663
480
94
281
525
81
966
1074
115
179
178
614
1966
477
27
279
313
397
284
453
25
328
97
276
78
479
387
121
29
59
24
561
76
32
82
663
480
94
281
525
81
966
1074
115
179
178
614
1966
477
27
279
313
397
284
453
25
328
97
276
78
479
387
121
29
59
24
561
76
32
82
663
480
94
281
525
81
966
1074
115
179
178
614
1966
477
27
279
313
397
284
453
25
328
97
276
78
479
387
121
29
59
24
561
76
32
82
663
480
94
281
525
81
966
1074
115
179
178
614
1966
477
27
279
313
397
284
453
25
328
97
276
78
479
387
121
29
59
24
561
76
32
82
663
480
94
281
525
81
966
1074
115
179
178
614
1966
477
27
279
313
397
284
453
25
328
97
276
78
479
387
121
29
59
24
561
76
32
82
663
480
94
281
525
81
966
1074
115
179
178
614
1966
477
27
279
313
397
284
453
25
328
97
276
78
479
387
121
29
59
24
561
76
32
82
663
480
94
281
525
81
966
1074
115
179
178
614
1966
477
27
279
313
397
284
453
25
328
97
276
78
479
387
121
29
59
24
561
76
32
82
663
480
94
281
525
81
966
1074
115
179
178
614
1966
477
27
279
313
397
284
453
25
328
97
276
78
479
387
121
29
59
24
561
76
32
82
663
480
94
281
525
81
966
1074
115
179
178
614
1966
477
27
279
313
397
284
453
25
328
97
276
78
479
387
121
29
59
24
561
76
32
82
663
480
94
281
525
81
966
1074
115
179
178
614
1966
477
27
279
313
397
284
453
25
328
97
276
78
479
387
121
29
59
24
561
76
32
82
663
480
94
281
525
81
966
1074
115
179
178
614
1966
477
27
279
313
397
284
453
25
328
97
276
78
479
387
121
29
59
24
561
76
32
82
663
480
94
281
525
81
966
1074
115
179
178
614
1966
477
27
279
313
397
284
453
25
328
97
276
78
479
387
121
29
59
24
561
76
32
82
663
480
94
281
525
81
966
1074
115
179
178
614
1966
477
27
279
313
397
284
453
25
328
97
276
78
479
387
121
29
59
24
561
76
32
82
663
480
94
281
525
81
966
1074
115
179
178
614
1966
477
27
279
313
397
284
453
25
328
97
276
78
479
387
121
29
59
24
561
76
32
82
663
480
94
281
525
81
966
1074
115
179
178
614
1966
477
27
279
313
397
284
453
25
328
97
276
78
479
387
121
29
59
24
561
76
32
82
663
480
94
281
525
81
966
1074
115
179
178
614
1966
477
27
279
313
397
284
453
25
328
97
276
78
479
387
121
29
59
24
561
76
32
82
663
480
94
281
525
81
966
1074
115
179
178
614
1966
477
27
279
313
397
284
453
25
328
97
276
78
479
387
121
29
59
24
561
76
32
82
663
480
94
281
525
81
966
1074
115
179
178
614
1966
477
27
279
313
397
284
453
25
328
97
276
78
479
387
121
29
59
24
561
76
32
82
663
480
94
281
525
81
966
1074
115
179
178
614
1966
477
27
279
313
397
284
453
25
328
97
276
78
479
387
121
29
59
24
561
76
32
82
663
480
94
281
525
81
966
1074
115
179
178
614
1966
477
27
279
313
397
284
453
25
328
97
276
78
479
387
121
29
59
24
561
76
32
82
663
480
94
281
525
81
966
1074
115
179
178
614
1966
477
27
279
313
397
284
453
25
328
97
276
78
479
387
121
29
59
24
561
76
32
82
663
480
94
281
525
81
966
1074
115
179
178
614
1966
477
27
279
313
397
284
453
25
328
97
276
78
479
387
121
29
59
24
561
76
32
82
663
480
94
281
525
81
966
1074
115
179
178
614
1966
477
27
279
313
397
284
453
25
328
97
276
78
479
387
121
29
59
24
561
76
32
82
663
480
94
281
525
81
966
1074
115
179
178
614
1966
477
27
279
313
397
284
453
25
328
97
276
78
479
387
121
29
59
24
561
76
32
82
663
480
94
281
525
81
966
1074
115
179
178
614
1966
477
27
279
313
397
284
453
25
328
97
276
78
479
387
121
29
59
24
561
76
32
82
663
480
94
281
525
81
966
1074
115
179
178
614
1966
477
27
279
313
397
284
453
25
328
97
276
78
479
387
121
29
59
24
561
76
32
82
663
480
94
281
525
81
966
1074
115
179
178
614
1966
477
27
279
313
397
284
453
25
328
97
276
78
479
387
121
29
59
24
561
76
32
82
663
480
94
281
525
81
966
1074
115
179
178
614
1966
477
27
279
313
397
284
453
25
328
97
276
78
479
387
121
29
59
24
561
76
32
82
663
480
94
281
525
81
966
1074
115
179
178
614
1966
477
27
279
313
397
284
453
25
328
97
276
78
479
387
121
29
59
24
561
76
32
82
663
480
94
281
525
81
966
1074
115
179
178
614
1966
477
27
279
313
397
284
453
25
328
97
276
78
479
387
121
29
59
24
561
76
32
82
663
480
94
281
525
81
966
1074
115
179
178
614
1966
477
27
279
313
397
284
453
25
328
97
276
78
479
387
121
29
59
24
561
76
32
82
663
480
94
281
525
81
966
1074
115
179
178
614
1966
477
27
279
313
397
284
453
25
328
97
276
78
479
387
121
29
59
24
561
76
32
82
663
480
94
281
525
81
966
1074
115
179
178
614
1966
477
27
279
313
397
284
453
25
328
97
276
78
479
387
121
29
59
24
561
76
32
82
663
480
94
281
525
81
966
1074
115
179
178
614
1966
477
27
279
313
397
284
453
25
328
97
276
78
479
387
121
29
59
24
561
76
32
82
663
480
94
281
525
81
966
1074
115
179
178
614
1966
477
27
279
313
397
284
453
25
328
97
276
78
479
387
121
29
59
24
561
76
32
82
663
480
94
281
525
81
966
1074
115
179
178
614
1966
477
27
279
313
397
284
453
25
328
97
276
78
479
387
121
29
59
24
561
76
32
82
663
480
94
281
525
81
966
1074
115
179
178
614
1966
477
27
279
313
397
284
453
25
328
97
276
78
479
387
121
29
59
24
561
76
32
82
663
480
94
281
525
81
966
1074
115
179
178
614
1966
477
27
279
313
397
284
453
25
328
97
276
78
479
387
121
29
59
24
561
76
32
82
663
480
94
281
525
81
966
1074
115
179
178
614
1966
477
27
279
313
397
284
453
25
328
97
276
78
479
387
121
29
59
24
561
76
32
82
663
480
94
281
525
81
966
1074
115
179
178
614
1966
477
27
279
313
397
284
453
25
328
97
276
78
479
387
121
29
59
24
561
76
32
82
663
480
94
281
525
81
966
1074
115
179
178
614
1966
477
27
279
313
397
284
453
25
328
97
276
78
479
387
121
29
59
24
561
76
32
82
663
480
94
281
525
81
966
1074
115
179
178
614
1966
477
27
279
313
397
284
453
25
328
97
276
78
479
387
121
29
59
24
561
76
32
82
663
480
94
281
525
81
966
1074
115
179
178
614
1966
477
27
279
313
397
284
453
25
328
97
276
78
479
387
121
29
59
24
561
76
32
82
663
480
94
281
525
81
966
1074
115
179
178
614
1966
477
27
279
313
397
284
453
25
328
97
276
78
479
387
121
29
59
24
561
76
32
82
663
480
94
281
525
81
966
1074
115
179
178
614
1966
477
27
279
313
397
284
453
25
328
97
276
78
479
387
121
29
59
24
561
76
32
82
663
480
94
281
525
81
966
1074
115
179
178
614
1966
477
27
279
313
397
284
453
25
328
97
276
78
479
387
121
29
59
24
561
76
32
82
663
480
94
281
525
81
966
1074
115
179
178
614
1966
477
27
279
313
397
284
453
25
328
97
276
78
479
387
121
29
59
24
561
76
32
82
663
480
94
281
525
81
966
1074
115
179
178
614
1966
477
27
279
313
397
284
453
25
328
97
276
78
479
387
121
29
59
24
561
76
32
82
663
480
94
281
525
81
966
1074
115
179
178
614
1966
477
27
279
313
397
284
453
25
328
97
276
78
479
387
121
29
59
24
561
76
32
82
663
480
94
281
525
81
966
1074
115
179
178
614
1966
