423
240
179
121
130
57
139
438
163
369
306
406
186
246
139
314
157
422
133
182
491
305
251
123
167
514
493
386
269
254
160
21
243
378
319
405
34
396
6
51
565
179
394
281
410
392
426
406
231
137
281
181
187
242
195
32
438
510
161
186
131
140
285
131
195
156
231
502
232
397
558
358
156
424
243
348
423
243
251
245
492
78
424
434
396
22
502
557
421
138
381
136
394
21
294
438
494
123
385
163
131
138
494
134
393
391
32
182
294
78
358
67
239
245
320
60
394
294
211
211
314
561
126
125
123
403
496
349
41
378
422
195
128
3
283
313
134
425
491
310
384
170
46
560
314
48
384
245
233
195
308
348
391
281
60
423
422
37
319
167
565
75
48
188
493
133
392
134
125
22
183
423
306
318
443
426
77
557
558
48
126
560
384
510
294
390
189
438
393
434
493
285
358
137
320
67
80
424
233
293
424
179
46
126
74
434
240
77
254
2
493
507
310
139
123
57
190
134
157
381
405
179
251
389
134
242
185
426
136
170
358
438
178
74
2
32
295
80
157
187
128
179
305
158
391
565
423
163
243
293
443
514
51
122
178
182
185
232
122
48
385
293
123
189
434
314
283
182
285
77
560
314
426
306
311
295
311
129
5
281
32
393
74
304
558
425
207
243
233
2
233
507
57
305
381
493
170
127
438
135
32
254
138
423
319
391
493
182
254
126
78
251
425
134
6
395
561
269
190
348
244
507
6
410
384
234
281
311
163
386
126
51
304
41
405
134
245
133
3
179
123
384
233
245
181
167
405
37
186
187
251
37
37
254
232
121
242
130
2
137
51
51
558
496
558
382
491
244
403
426
186
167
491
195
391
80
386
238
308
190
293
233
462
130
358
395
409
507
185
21
75
125
349
78
384
57
123
181
305
133
179
134
454
434
320
123
308
384
139
310
170
133
231
245
131
295
284
137
41
195
122
240
295
393
211
389
438
294
156
158
48
48
391
140
142
293
349
211
136
306
32
423
242
51
382
385
386
462
135
161
135
313
170
502
491
560
314
57
422
320
157
211
51
295
496
313
496
385
318
157
443
22
389
242
381
136
494
313
510
254
493
57
58
409
126
396
421
22
41
170
308
502
269
557
560
58
181
381
5
161
