10
9
71
46
13
15
22
12
10
16
22
59
62
57
14
199
198
46
77
61
19
61
288
18
19
78
208
21
8
208
8
7
19
77
11
62
21
59
1
1
85
198
78
288
208
178
59
208
9
15
288
208
15
1
57
208
178
84
17
84
19
17
289
178
9
77
78
199
16
288
208
198
77
208
61
7
46
46
46
1
7
16
71
84
288
17
78
75
198
62
289
7
11
85
62
178
85
78
84
239
10
239
9
71
75
288
178
71
18
14
199
13
57
71
62
59
77
73
198
7
11
198
57
1
11
15
178
19
61
12
199
21
62
18
11
57
14
1
289
14
22
13
19
84
57
288
77
18
15
9
13
62
59
59
19
16
198
71
21
12
208
10
14
46
9
73
18
22
57
57
18
14
17
61
22
62
84
10
9
59
1
289
239
8
73
19
198
84
14
84
73
75
288
7
208
75
208
59
8
12
57
46
77
21
61
62
178
13
61
22
14
13
9
21
178
61
71
16
75
73
17
289
75
75
178
1
11
178
61
11
21
57
11
59
288
71
239
15
85
77
239
12
12
84
78
46
15
12
59
78
208
208
1
15
208
14
71
21
10
14
14
8
289
1
62
22
78
12
1
22
16
71
78
15
13
12
21
46
16
75
18
1
9
9
288
19
21
16
84
22
22
199
289
288
77
17
17
62
57
61
13
22
289
46
208
84
62
71
199
10
14
21
75
19
288
9
9
22
19
288
288
84
11
73
61
78
208
16
14
15
13
7
18
62
22
11
84
198
11
208
73
12
288
208
62
85
199
84
84
73
199
239
18
78
17
78
7
59
12
9
1
13
17
12
1
17
73
15
19
78
239
17
85
21
18
288
78
14
14
46
16
8
7
289
289
198
21
19
17
178
239
57
75
18
11
15
7
84
57
239
17
75
73
12
18
22
12
208
11
15
239
57
288
73
208
208
77
71
198
10
7
78
208
19
59
9
62
199
62
208
73
57
289
8
19
78
19
198
10
62
8
75
84
16
17
17
61
22
73
198
46
78
17
17
13
85
239
15
46
73
78
59
239
199
11
289
10
19
73
208
18
62
13
22
289
1
239
1
289
12
84
178
84
61
57
9
7
71
289
71
62
178
289
16
78
18
19
14
21
85
