1093
844
1281
75
663
587
701
60
598
588
75
64
844
1135
1109
75
587
1144
19
598
64
31
597
597
758
911
1144
40
1135
19
598
663
1108
911
758
1135
598
23
597
1314
568
40
1107
701
51
40
557
23
60
60
707
1093
568
51
557
1107
588
911
1281
557
1108
51
1144
707
557
1314
23
1281
23
64
1281
75
1281
911
1314
1108
663
60
1281
562
597
1107
22
71
557
557
19
701
22
46
75
64
561
588
557
1109
568
758
40
588
911
46
64
844
1108
758
557
561
1135
1348
64
911
22
707
597
558
1281
562
46
758
587
71
597
562
844
1093
587
1107
71
51
598
71
844
71
707
22
598
1956
1348
1109
1109
51
844
22
597
911
1108
1108
23
64
561
758
568
597
71
19
1144
22
558
1348
46
19
1135
75
1135
844
1281
22
911
701
1348
568
597
1108
1108
758
663
557
23
707
31
663
559
64
562
1314
19
22
1107
51
40
562
558
588
568
844
40
558
40
1108
562
597
598
701
1144
1314
663
71
568
1109
663
1956
40
1093
1314
1144
587
60
46
558
588
588
562
1135
1281
71
597
561
40
559
558
758
663
701
64
663
587
1109
1108
597
758
587
40
587
64
1109
1109
561
51
562
19
1281
559
597
1314
1135
1135
587
598
1314
40
1144
51
1109
587
23
1109
1956
40
561
587
758
19
40
75
701
22
64
557
707
40
562
587
51
19
19
587
31
1109
559
559
587
558
587
1107
1108
1314
1107
40
64
598
64
561
1108
568
40
1109
844
1956
561
46
22
844
559
51
562
19
758
1109
561
558
1144
1107
19
22
1144
1109
19
1093
22
598
23
598
587
1135
1314
46
1107
60
587
562
844
561
707
562
758
1093
598
23
19
1144
46
75
562
758
51
701
19
46
1093
40
22
587
40
19
31
75
51
31
597
568
758
60
46
562
598
1281
558
1109
561
75
568
562
31
1093
60
75
562
1108
1108
1281
701
22
22
1093
1109
71
559
587
562
663
597
60
1107
598
1314
1135
557
597
568
22
46
1135
558
598
558
23
707
597
1281
557
19
1281
60
64
557
19
911
588
40
19
64
1348
911
1108
1093
561
1956
561
40
1109
75
562
23
1108
1281
23
1144
598
40
1107
587
1314
19
911
1093
561
587
598
562
597
568
707
51
46
31
707
23
19
758
64
60
562
587
557
587
558
31
60
911
1348
64
71
758
23
1281
558
1109
558
71
71
1108
22
1107
71
1144
1281
588
1135
19
1956
568
758
46
75
1108
758
844
1109
1144
558
1093
1108
561
1109
31
558
1281
561
701
46
844
558
598
557
1135
562
1956
597
557
60
1108
75
60
51
663
911
22
1281
844
1107
707
911
1956
911
64
1109
557
1093
597
844
598
598
19
64
1144
561
844
598
31
40
46
557
758
911
588
1281
568
1107
31
64
597
1281
559
562
31
597
587
19
1314
1314
40
19
1109
60
71
40
1107
19
598
598
559
557
1135
71
568
40
1107
51
71
1109
911
558
51
19
1109
51
1281
588
75
568
19
1348
1314
1956
1281
23
707
911
598
1281
64
1135
587
71
46
64
40
51
707
561
19
19
844
598
707
911
46
19
561
75
911
1314
844
46
568
1348
1109
911
1281
1135
1109
51
844
60
562
1108
561
71
597
1314
23
844
22
1135
46
598
1109
911
60
597
911
22
1135
568
1107
559
598
562
1109
64
22
46
568
1109
911
19
1314
587
1093
40
1093
707
1107
51
75
19
1093
707
597
701
587
23
663
598
75
559
23
561
598
701
22
1314
64
19
46
60
46
597
844
597
75
561
597
562
598
663
562
40
1348
46
568
1281
559
1135
1093
46
31
558
568
19
71
663
1348
1109
22
663
1281
1956
561
707
1107
707
558
64
40
1314
911
587
557
758
557
911
1281
557
31
19
561
587
587
588
559
559
1314
701
588
561
562
844
568
75
46
60
701
19
1109
51
568
568
1348
758
561
23
588
22
1108
561
60
40
19
758
663
597
40
598
22
1109
588
558
911
587
844
557
40
23
1135
1956
561
844
598
71
701
559
597
701
75
701
561
598
71
75
23
23
23
1135
75
1314
64
559
587
597
1348
561
1109
23
19
911
597
1314
46
559
46
758
19
558
1108
46
1093
31
1093
568
40
758
71
707
31
1108
707
1956
1109
562
588
19
31
60
559
60
1109
1135
1314
588
1107
707
51
911
844
598
597
1107
71
71
1135
1281
51
1348
1109
46
1314
559
31
19
60
1144
1135
707
1281
1144
64
23
587
598
598
663
561
1348
663
1144
911
1281
559
1107
1144
558
1108
597
588
561
1093
557
1281
51
23
40
588
1093
559
663
1135
568
844
51
60
587
31
31
1109
46
598
31
1314
588
561
587
40
1144
588
64
1093
1109
22
1144
758
561
31
911
71
71
1093
559
911
51
844
911
598
75
588
1107
1144
60
663
71
1348
559
1314
1107
19
844
758
758
75
588
51
31
1093
568
40
1108
1144
568
1956
559
1281
75
1108
1281
1109
758
1093
31
758
1107
31
597
561
1107
71
23
1107
911
562
75
568
64
663
597
561
588
597
1093
1144
707
587
1135
557
562
597
1108
844
557
587
1109
559
1093
19
587
844
1108
758
588
758
568
23
31
911
561
597
31
51
1314
568
1107
46
1093
1107
64
588
911
1956
568
557
588
1281
1135
1956
562
64
598
559
1135
758
51
562
1135
588
701
22
911
1093
558
1093
31
844
707
1108
46
23
1109
844
19
75
1135
562
1108
588
701
71
1108
597
1107
1107
60
561
568
75
46
1144
64
559
75
559
40
598
46
587
587
562
1107
587
588
911
71
1314
1135
1093
60
23
1144
588
1956
1109
663
23
1107
23
1956
40
1956
64
22
1281
561
19
23
587
562
75
1281
31
758
1109
1956
1135
707
844
46
561
64
1108
31
1109
22
557
558
1956
40
1135
75
587
758
707
911
1281
911
22
75
60
587
561
561
46
23
1107
1956
911
707
1144
562
707
911
1348
911
19
663
663
707
23
663
60
1144
1108
23
1348
1348
758
1109
71
1144
40
558
75
1093
1107
758
559
1135
663
561
51
1956
701
71
758
663
663
1281
22
1108
561
1348
1956
1093
1348
559
1281
1281
844
911
663
1281
588
