2
87
111
112
115
1
19
74
73
38
2
87
111
112
115
1
19
74
73
38
2
87
111
112
115
1
19
74
73
38
2
87
111
112
115
1
19
74
73
38
2
87
111
112
115
1
19
74
73
38
2
87
111
112
115
1
19
74
73
38
2
87
111
112
115
1
19
74
73
38
2
87
111
112
115
1
19
74
73
38
2
87
111
112
115
1
19
74
73
38
2
87
111
112
115
1
19
74
73
38
2
87
111
112
115
1
19
74
73
38
2
87
111
112
115
1
19
74
73
38
2
87
111
112
115
1
19
74
73
38
2
87
111
112
115
1
19
74
73
38
2
87
111
112
115
1
19
74
73
38
2
87
111
112
115
1
19
74
73
38
2
87
111
112
115
1
19
74
73
38
2
87
111
112
115
1
19
74
73
38
2
87
111
112
115
1
19
74
73
38
2
87
111
112
115
1
19
74
73
38
2
87
111
112
115
1
19
74
73
38
2
87
111
112
115
1
19
74
73
38
2
87
111
112
115
1
19
74
73
38
2
87
111
112
115
1
19
74
73
38
2
87
111
112
115
1
19
74
73
38
2
87
111
112
115
1
19
74
73
38
2
87
111
112
115
1
19
74
73
38
2
87
111
112
115
1
19
74
73
38
2
87
111
112
115
1
19
74
73
38
2
87
111
112
115
1
19
74
73
38
2
87
111
112
115
1
19
74
73
38
2
87
111
112
115
1
19
74
73
38
2
87
111
112
115
1
19
74
73
38
2
87
111
112
115
1
19
74
73
38
2
87
111
112
115
1
19
74
73
38
2
87
111
112
115
1
19
74
73
38
2
87
111
112
115
1
19
74
73
38
2
87
111
112
115
1
19
74
73
38
2
87
111
112
115
1
19
74
73
38
2
87
111
112
115
1
19
74
73
38
2
87
111
112
115
1
19
74
73
38
2
87
111
112
115
1
19
74
73
38
2
87
111
112
115
1
19
74
73
38
2
87
111
112
115
1
19
74
73
38
2
87
111
112
115
1
19
74
73
38
2
87
111
112
115
1
19
74
73
38
2
87
111
112
115
1
19
74
73
38
2
87
111
112
115
1
19
74
73
38
2
87
111
112
115
1
19
74
73
38
2
87
111
112
115
1
19
74
73
38
