252
172
219
4
117
198
195
184
178
182
30
172
30
179
213
252
216
213
4
198
119
34
221
31
118
182
177
195
172
55
52
221
179
180
118
180
187
180
172
202
195
117
139
4
202
207
31
33
177
178
119
55
216
55
178
177
55
51
4
201
118
219
213
33
216
118
118
55
219
184
187
30
219
198
177
52
207
198
52
34
34
194
117
30
30
110
221
195
184
51
33
177
161
198
120
194
201
177
180
195
117
202
110
120
216
177
34
177
207
221
117
204
187
55
201
30
33
216
195
55
252
51
195
201
161
119
252
110
34
31
110
30
207
117
221
139
201
55
110
110
221
204
34
118
51
139
51
252
187
188
51
198
161
172
34
120
30
4
55
204
188
120
216
119
194
180
177
30
202
204
195
172
184
184
177
202
120
207
221
213
213
207
221
184
179
182
187
33
184
198
179
34
117
119
117
182
55
207
184
178
184
202
198
139
180
178
182
52
195
177
194
201
55
119
198
194
52
194
216
252
182
194
194
201
55
177
51
179
202
178
201
30
213
252
198
219
221
139
30
221
31
33
180
118
119
110
188
30
213
4
120
194
120
207
33
198
52
117
198
178
177
221
31
110
34
221
213
182
31
120
195
184
161
177
221
180
252
52
194
180
182
187
177
182
119
51
198
252
221
198
161
252
31
202
119
172
252
194
198
172
34
204
202
221
179
194
201
33
221
187
139
119
195
52
110
194
202
161
51
188
198
118
188
204
194
216
180
195
120
194
120
30
202
119
252
219
119
187
216
198
201
117
201
187
177
55
31
34
33
179
187
30
55
110
33
184
118
139
198
213
202
34
110
33
117
34
161
198
179
182
177
252
179
110
119
161
179
31
252
184
30
51
110
161
252
202
252
180
202
161
219
161
177
51
198
202
216
120
118
161
110
179
139
219
195
204
117
110
118
55
177
120
204
202
204
252
198
188
213
172
201
184
184
216
33
51
195
219
139
213
184
55
120
219
33
221
204
139
118
195
195
119
194
30
161
182
110
33
31
180
219
202
139
118
180
180
52
198
202
201
178
161
119
178
52
120
4
252
118
118
184
188
34
51
216
33
188
34
110
119
117
180
110
4
252
118
216
172
110
139
182
252
204
201
172
219
34
179
252
188
