6
24
49
96
97
56
52
95
94
126
6
24
49
96
97
56
52
95
94
126
6
24
49
96
97
56
52
95
94
126
6
24
49
96
97
56
52
95
94
126
6
24
49
96
97
56
52
95
94
126
6
24
49
96
97
56
52
95
94
126
6
24
49
96
97
56
52
95
94
126
6
24
49
96
97
56
52
95
94
126
6
24
49
96
97
56
52
95
94
126
6
24
49
96
97
56
52
95
94
126
6
24
49
96
97
56
52
95
94
126
6
24
49
96
97
56
52
95
94
126
6
24
49
96
97
56
52
95
94
126
6
24
49
96
97
56
52
95
94
126
6
24
49
96
97
56
52
95
94
126
6
24
49
96
97
56
52
95
94
126
6
24
49
96
97
56
52
95
94
126
6
24
49
96
97
56
52
95
94
126
6
24
49
96
97
56
52
95
94
126
6
24
49
96
97
56
52
95
94
126
6
24
49
96
97
56
52
95
94
126
6
24
49
96
97
56
52
95
94
126
6
24
49
96
97
56
52
95
94
126
6
24
49
96
97
56
52
95
94
126
6
24
49
96
97
56
52
95
94
126
6
24
49
96
97
56
52
95
94
126
6
24
49
96
97
56
52
95
94
126
6
24
49
96
97
56
52
95
94
126
6
24
49
96
97
56
52
95
94
126
6
24
49
96
97
56
52
95
94
126
6
24
49
96
97
56
52
95
94
126
6
24
49
96
97
56
52
95
94
126
6
24
49
96
97
56
52
95
94
126
6
24
49
96
97
56
52
95
94
126
6
24
49
96
97
56
52
95
94
126
6
24
49
96
97
56
52
95
94
126
6
24
49
96
97
56
52
95
94
126
6
24
49
96
97
56
52
95
94
126
6
24
49
96
97
56
52
95
94
126
6
24
49
96
97
56
52
95
94
126
6
24
49
96
97
56
52
95
94
126
6
24
49
96
97
56
52
95
94
126
6
24
49
96
97
56
52
95
94
126
6
24
49
96
97
56
52
95
94
126
6
24
49
96
97
56
52
95
94
126
6
24
49
96
97
56
52
95
94
126
6
24
49
96
97
56
52
95
94
126
6
24
49
96
97
56
52
95
94
126
6
24
49
96
97
56
52
95
94
126
6
24
49
96
97
56
52
95
94
126
