18
7
29
23
25
18
7
29
23
25
18
7
29
23
25
18
7
29
23
25
18
7
29
23
25
18
7
29
23
25
18
7
29
23
25
18
7
29
23
25
18
7
29
23
25
18
7
29
23
25
18
7
29
23
25
18
7
29
23
25
18
7
29
23
25
18
7
29
23
25
18
7
29
23
25
18
7
29
23
25
18
7
29
23
25
18
7
29
23
25
18
7
29
23
25
18
7
29
23
25
18
7
29
23
25
18
7
29
23
25
18
7
29
23
25
18
7
29
23
25
18
7
29
23
25
18
7
29
23
25
18
7
29
23
25
18
7
29
23
25
18
7
29
23
25
18
7
29
23
25
18
7
29
23
25
18
7
29
23
25
18
7
29
23
25
18
7
29
23
25
18
7
29
23
25
18
7
29
23
25
18
7
29
23
25
18
7
29
23
25
18
7
29
23
25
18
7
29
23
25
18
7
29
23
25
18
7
29
23
25
18
7
29
23
25
18
7
29
23
25
18
7
29
23
25
18
7
29
23
25
18
7
29
23
25
18
7
29
23
25
18
7
29
23
25
18
7
29
23
25
