101
15
106
102
109
184
65
109
67
62
16
184
109
4
24
108
18
4
18
107
106
65
15
27
106
109
192
108
67
191
196
62
188
196
191
27
107
27
1
1
106
196
27
67
107
109
184
192
188
101
109
4
62
194
102
67
24
196
102
184
101
192
106
106
106
184
107
4
196
191
65
198
101
198
107
16
192
102
108
18
101
184
196
15
4
109
16
1
4
188
109
107
108
101
102
4
192
4
101
15
18
198
67
65
102
198
67
108
24
108
16
191
101
107
4
192
15
108
196
65
16
67
109
67
109
184
15
15
67
188
16
191
4
67
102
192
191
191
15
4
106
27
184
67
16
106
15
194
107
101
24
4
16
101
16
24
27
188
101
4
27
184
101
107
4
1
4
101
191
107
184
67
188
106
191
192
62
65
16
27
109
106
18
24
191
198
27
27
15
191
65
62
188
188
62
1
27
27
24
194
106
184
107
67
15
16
196
1
184
194
194
4
191
27
102
196
101
65
18
16
192
18
27
1
188
191
27
196
4
192
196
67
102
108
102
188
107
4
24
191
65
24
15
196
4
106
27
188
192
108
106
108
65
196
107
4
101
192
4
194
62
65
194
101
1
18
18
67
4
109
106
184
191
108
27
102
108
192
16
107
184
192
62
108
192
24
198
4
16
107
196
194
1
188
16
192
1
196
188
107
196
65
1
27
27
194
106
101
188
191
106
16
109
188
198
194
24
196
192
188
196
191
62
101
108
198
106
194
1
192
65
16
62
106
107
67
18
24
108
108
191
107
188
65
194
107
106
188
27
18
62
18
101
196
196
194
184
101
1
16
102
101
15
15
196
106
65
27
184
16
192
4
198
27
198
62
16
102
106
24
102
16
18
102
184
191
62
16
65
4
184
1
1
1
16
101
109
192
27
16
101
4
191
188
16
67
191
67
18
4
107
108
188
196
4
18
191
107
191
62
101
24
194
15
109
109
15
102
108
67
18
194
108
1
188
101
101
191
27
194
15
101
198
196
15
109
65
192
27
16
106
102
107
109
198
109
188
102
16
15
191
24
4
106
107
106
108
15
65
102
184
101
194
1
102
109
108
194
62
191
196
194
194
101
188
194
107
67
16
18
4
67
27
16
109
191
198
102
194
108
