67
61
72
13
14
13
12
5
68
0
0
12
6
3
67
68
3
13
0
12
65
72
10
0
0
61
10
11
65
58
12
69
58
5
65
69
74
69
12
74
72
12
74
58
69
6
69
65
3
14
65
69
65
0
14
12
74
61
14
69
6
12
0
68
69
0
65
0
10
58
11
68
69
13
67
11
14
69
11
61
61
13
3
67
11
68
3
14
5
72
0
14
3
3
11
0
0
67
12
14
6
58
12
72
61
13
11
14
6
58
5
61
68
74
72
11
13
67
6
10
10
3
14
72
14
69
0
13
14
69
10
14
72
72
10
5
3
72
10
0
58
12
68
69
14
67
13
14
5
74
14
10
69
12
12
65
69
74
13
14
72
74
68
61
14
11
74
13
6
3
5
74
69
72
61
14
13
74
10
12
58
6
5
13
58
74
10
6
67
72
0
5
14
72
61
14
68
61
68
13
0
65
61
5
12
10
13
3
67
6
72
11
5
11
68
14
65
74
13
12
3
68
58
11
14
58
12
13
12
12
69
0
65
74
14
61
13
61
14
68
5
74
14
65
13
13
13
5
14
13
