311
111
112
92
124
318
182
206
233
255
26
234
316
225
172
111
316
112
302
233
18
272
204
127
455
211
92
26
201
373
311
204
168
272
172
112
255
113
113
311
472
201
332
204
316
112
272
315
475
114
305
202
210
319
18
166
56
225
209
111
305
87
127
127
26
118
168
23
197
226
479
92
316
317
225
255
23
304
495
172
65
308
172
358
114
213
319
317
172
23
315
82
83
472
304
255
213
305
125
225
114
26
56
184
203
56
182
226
387
26
323
359
290
182
332
455
304
201
319
172
209
320
56
472
475
118
358
472
203
307
359
226
18
373
332
127
373
495
323
82
272
238
290
125
390
289
204
304
114
166
83
479
206
307
472
320
201
472
316
307
307
124
118
234
305
234
114
475
315
92
201
217
82
316
316
255
289
307
562
65
486
234
562
179
111
358
182
209
302
255
311
179
255
18
83
202
114
92
318
217
316
321
179
387
201
272
272
233
562
315
307
182
203
373
307
305
26
206
233
321
307
23
118
387
254
56
359
358
233
182
56
455
172
172
26
217
234
323
206
311
373
197
60
396
92
316
92
234
172
563
125
118
472
204
238
255
486
213
168
320
87
217
486
330
112
60
209
562
315
217
65
203
209
166
315
125
226
316
206
168
201
241
203
358
225
205
168
166
311
113
92
302
330
225
290
60
204
495
172
563
197
226
332
330
87
82
111
318
202
203
359
317
304
87
272
166
125
201
495
225
563
114
318
396
23
211
311
112
213
472
209
206
311
182
319
390
238
213
114
272
390
317
205
317
87
211
205
479
213
330
475
255
124
225
304
455
486
373
197
563
82
206
172
201
241
302
92
455
60
316
92
56
225
316
486
18
118
210
23
289
315
23
316
486
317
315
114
321
475
202
226
92
475
234
23
18
113
562
304
87
202
563
203
60
113
26
118
359
87
124
332
209
241
127
113
127
455
118
87
238
111
321
217
308
234
308
373
332
60
562
475
317
118
332
111
311
82
118
255
320
318
113
316
210
65
304
210
317
65
233
255
320
201
201
396
290
168
202
321
304
233
197
65
179
290
304
387
114
201
317
210
479
112
113
359
486
82
60
304
114
125
217
206
225
563
209
203
475
65
226
184
56
486
479
114
65
272
562
166
111
