598
138
1123
577
485
307
512
77
144
161
570
321
79
166
78
485
221
144
353
607
479
471
590
80
470
138
318
78
145
161
161
598
485
316
59
570
485
570
141
166
77
70
479
581
76
470
161
512
152
166
322
583
502
144
479
504
219
595
214
74
483
76
577
514
80
59
607
500
598
322
595
74
587
471
221
79
581
426
222
59
320
70
226
30
514
514
514
471
587
222
426
71
80
1123
504
307
224
221
59
353
504
59
590
475
307
322
320
316
30
581
214
570
483
501
599
138
162
21
476
68
501
77
475
76
587
483
79
71
145
221
219
476
595
476
21
30
30
71
479
320
479
30
80
426
577
598
321
599
70
70
320
470
32
71
152
144
484
71
471
138
144
594
607
483
152
590
502
599
166
599
1123
161
214
321
426
59
502
571
318
583
476
144
476
500
484
74
80
21
316
571
307
590
590
32
598
426
514
479
426
141
484
321
570
222
161
219
162
221
607
141
502
571
162
1123
144
583
583
571
59
479
71
166
322
21
581
514
1123
224
479
77
79
314
144
314
74
161
219
570
485
607
214
30
316
145
504
152
583
322
485
595
144
78
166
475
475
226
307
595
1123
59
66
307
21
426
502
318
322
504
577
152
504
21
144
485
502
598
316
77
475
320
479
321
145
80
353
571
166
76
74
322
599
475
307
599
483
512
479
32
590
484
138
32
581
502
314
166
322
161
141
162
66
70
68
30
322
79
68
598
475
504
599
145
66
59
590
570
321
571
68
484
224
504
320
500
599
594
598
581
577
80
353
322
485
79
512
322
314
475
594
476
501
502
475
144
138
476
598
71
484
21
314
314
571
479
68
322
583
484
166
70
214
587
502
226
500
471
166
598
587
316
590
470
78
30
484
571
79
595
476
479
475
21
74
221
570
587
504
219
587
581
470
599
475
316
152
145
166
583
214
221
587
483
590
426
76
577
476
144
479
587
71
500
475
138
571
607
70
504
470
145
577
504
500
595
479
599
74
226
471
32
221
68
314
307
476
587
322
219
501
504
162
166
221
226
59
476
71
314
594
504
78
587
141
514
166
77
485
321
161
166
226
74
76
512
470
471
353
76
68
475
78
166
68
162
577
318
607
571
219
221
504
21
607
78
500
318
162
1123
226
71
74
504
470
141
501
71
607
514
152
138
483
500
502
145
152
475
476
66
222
504
514
161
74
226
595
514
514
590
502
226
161
78
470
307
471
316
71
76
66
144
607
30
214
321
571
314
314
583
594
583
590
70
353
68
470
78
583
161
144
32
316
32
80
512
587
76
314
161
144
320
219
501
320
581
145
77
21
570
32
79
483
214
501
76
226
79
322
607
476
307
74
76
479
30
77
226
219
595
322
71
321
66
162
590
512
145
71
70
590
321
583
219
598
512
80
219
594
322
512
32
599
514
214
59
514
141
76
587
581
80
598
587
571
79
353
307
74
570
590
590
483
504
590
1123
479
512
483
500
68
152
78
161
162
316
307
71
141
138
1123
74
318
307
76
162
219
71
219
222
500
501
320
581
475
514
161
77
78
599
74
59
485
30
502
512
1123
570
30
226
214
71
21
502
74
476
500
138
581
471
307
307
583
607
316
470
307
214
224
514
599
144
475
470
321
59
321
30
66
483
571
583
599
59
30
141
594
21
71
214
30
512
598
318
214
307
571
500
607
587
570
316
512
583
316
484
587
470
224
353
166
595
219
353
74
79
70
307
581
504
583
583
318
221
21
607
475
590
594
595
485
475
226
79
571
485
21
320
318
30
30
141
581
80
214
30
219
79
471
479
316
224
322
353
224
68
581
476
221
475
471
78
587
162
166
221
426
475
471
161
144
353
161
581
145
595
71
66
321
471
314
68
426
66
475
221
607
485
141
581
514
594
321
571
77
514
314
74
32
221
78
502
144
501
70
71
512
502
322
21
501
483
226
80
571
30
214
70
321
426
599
71
318
471
504
221
322
79
221
141
595
226
570
321
587
71
226
74
571
607
166
476
502
222
607
74
76
59
598
318
504
476
571
321
1123
70
598
485
21
80
475
141
161
80
74
79
501
485
316
476
77
322
144
571
353
353
162
1123
76
470
471
322
502
79
484
471
307
71
595
219
607
590
74
79
222
501
59
504
587
599
484
500
66
71
71
1123
80
571
479
66
570
32
21
152
226
353
30
307
307
594
607
307
476
485
570
599
76
502
70
219
577
571
599
74
471
152
141
426
80
224
570
577
144
571
66
322
161
485
77
222
141
587
514
219
590
353
318
162
316
483
32
77
