3206
3469
823
5436
1881
755
805
4922
5524
7025
5708
2058
5437
787
805
4
5730
3202
74
715
4297
1774
1821
3638
7754
2294
3469
2
1814
1781
825
4544
839
3632
4538
3207
829
1874
716
4
1840
1774
3635
1866
1
848
4538
4981
1815
1817
3629
3202
4949
5970
2050
802
4537
811
4532
3646
2
5688
1788
2481
3640
1881
5443
839
1885
3474
839
823
1881
802
4297
1781
3207
1639
823
1863
40
808
1870
7
716
878
60
1631
5494
5727
4
3646
5853
4565
5441
4538
5439
1799
4539
5524
2484
1793
6867
1883
1814
1884
1778
5685
1815
3202
40
1814
1860
5729
3626
756
5436
856
3204
1817
5729
1639
1815
1831
820
3475
471
6436
3207
5688
3469
794
683
1862
726
3632
848
1
851
823
3204
5708
3635
2484
1640
3196
2481
3476
5727
1788
74
715
1840
6867
747
2294
4949
5524
1855
1
4300
1814
1880
1814
3646
848
78
793
6
1860
1799
2050
4951
3476
1840
879
1816
3471
5853
7754
3207
5727
3635
5440
2490
480
1818
5730
1882
3476
6
488
5727
5439
808
5685
1870
1002
1881
4565
5725
839
1002
1879
1781
1855
1817
5437
1816
473
2294
1831
813
823
1021
3204
726
1799
5524
716
3646
1875
1823
7754
1
1871
5494
820
1884
838
1021
879
793
1817
1880
1021
1860
1855
1799
2058
1871
3640
2050
7
1814
878
5971
1885
4300
808
5436
4981
4538
5441
1866
857
1810
7754
5446
1875
1866
1781
3204
1775
1872
1788
3204
5438
763
5970
1870
78
3474
4539
1866
5725
1823
2484
3475
1849
5732
5694
5730
1821
1848
1640
473
787
1882
5727
1794
3646
2394
1840
60
856
1858
1821
1021
856
5703
2050
5436
878
1880
3629
4544
1823
1639
2394
1799
1800
1880
787
1874
3635
4544
5494
1821
1816
848
715
3199
5725
1829
2486
1870
470
1794
863
4981
1639
5440
3473
1788
5688
6436
1881
5694
1021
4922
820
5
4922
1870
4300
1814
4
3646
715
5729
823
4981
5438
820
825
5688
2394
829
4544
2058
4981
5971
1815
5446
3646
1788
5730
4538
802
1818
1862
3629
878
4538
1633
1816
1814
77
1882
3469
793
5494
3629
4565
1778
5730
1817
5446
1871
1863
1817
1858
1778
1855
6867
776
2394
1815
1002
756
1794
3476
5688
60
3638
2486
1639
3204
1633
3638
2481
879
1631
2490
2486
6867
4951
4922
1822
779
779
1781
1883
5730
5440
3652
1866
1829
3640
77
1821
5441
2484
1818
5708
4541
2299
1793
4544
3646
5730
6
4922
1781
2299
5441
3
4300
1838
5524
5443
3640
793
1823
3647
3199
1866
5524
5494
1794
4297
4
1829
820
1639
1879
5494
5438
4544
3206
1875
473
1002
1814
4981
3647
848
1872
4297
1817
1816
3204
3635
5694
473
4565
1774
1778
5441
2050
839
825
5441
2394
5440
3473
5725
3474
5975
5853
3629
1631
74
3202
1849
3476
480
4539
1822
1880
2050
2294
779
1817
5971
755
470
1877
5970
3202
3204
829
40
5732
747
2058
5439
820
1875
3632
787
1810
3626
5439
5436
3638
5730
825
1870
1838
2486
3635
2486
1794
1823
820
5703
77
77
1849
3632
1880
5436
1840
5440
1774
1848
1882
3638
763
3206
1793
1814
1810
1870
3202
2
4544
811
5439
2
471
4539
1793
1817
1002
1774
5694
848
5975
3646
5443
4951
3206
3204
787
802
4951
1882
3207
5439
1799
471
3475
1831
5732
5440
5441
879
5853
856
1781
851
808
5729
3647
1021
5688
4532
6043
4565
3652
1874
5971
1818
808
1848
1
1631
4532
1823
5971
1882
779
793
7754
3471
4300
4541
5685
1816
1858
1883
1875
3204
851
5680
3204
3640
3
2050
7
3206
1872
1872
4541
4541
1885
838
4297
2058
779
1881
838
1849
1858
6043
3469
1848
5694
3632
1778
2394
1821
1870
7754
1817
5494
1829
716
1817
1848
1021
3199
2299
2
3202
825
3652
5494
5441
1840
813
470
878
820
5446
805
802
5439
1829
1881
2058
879
856
3474
5680
3204
794
2299
2299
1633
3207
715
3204
811
856
1831
5688
3
3626
5441
5975
4539
793
7754
747
3652
857
3204
1877
4
1858
1870
756
5970
40
6867
1882
5688
1884
813
1829
3626
3638
5708
1858
1778
1814
3638
2490
5
715
716
1631
1633
857
471
1855
3474
5438
805
1021
1793
3626
3635
5436
716
1849
1793
823
1882
5730
1880
1840
3629
878
3179
823
3635
4532
1002
4541
5975
879
1862
857
4539
5729
747
879
1818
7754
3629
4951
1799
683
1871
1640
2050
5975
6436
1858
1863
5441
488
1885
1885
5708
879
3204
5440
3626
1631
1883
755
779
4532
779
1849
6867
1855
5688
5437
805
715
60
3474
878
6
856
5439
4297
5446
2299
5688
4
4565
3471
715
5708
1821
60
820
3632
1775
4565
3476
1875
3204
1021
2050
1
1881
3475
78
829
5439
5440
5437
879
4922
2481
2294
747
3632
839
3204
1639
3635
2481
1640
1860
3635
4541
3476
5436
715
1778
1816
1
1810
1799
5680
4949
715
5971
1800
6867
793
4541
805
5
1810
2294
4532
2394
3626
60
3473
2484
1793
1788
1631
4532
3469
3202
838
5732
1884
755
5727
1870
3179
5730
1002
3638
829
5971
3202
851
5446
74
4981
74
4981
3635
5
794
2058
5440
4297
3196
779
77
4544
5438
1814
4922
1823
2
5441
1848
1633
1021
1849
808
1810
2484
1794
5970
1829
2050
838
1810
5438
5730
1879
1880
4541
5680
6436
5730
823
1849
1774
5970
2394
1848
879
5729
5688
1822
5975
60
1829
1800
5725
3473
5694
820
1855
5688
1775
3475
5725
4544
1880
808
1821
3640
4532
5437
756
1778
5970
1810
3626
4951
1858
6436
3471
1874
1631
5438
5688
1882
2058
776
3196
1822
1872
5725
1639
7025
787
878
2484
3207
3647
715
3204
1855
839
715
1881
5730
825
805
3652
3647
1781
3
3640
1794
3474
1640
470
1639
1849
715
5725
825
5727
4981
747
1831
1848
1823
1631
4541
1866
1840
863
5725
3638
471
1862
1639
787
776
802
4951
5971
5725
811
1866
857
793
5970
3638
1639
823
793
5970
879
5524
794
5732
3476
3476
5732
3635
6043
1639
779
3647
2490
4538
1794
3179
77
820
747
1840
488
5703
756
851
3638
77
5688
1818
825
5524
1884
1640
716
470
848
5688
776
1880
802
5440
1823
793
1818
1872
1829
756
2294
2486
4541
1800
5694
851
5708
4981
1788
1799
5732
1002
2050
1883
5727
4565
1831
1838
1884
4537
6
77
4
1639
4297
1778
5441
878
1829
5437
473
3626
1794
1880
5440
3629
1640
4300
3206
5727
726
4565
3207
7025
3473
683
3474
1640
1639
1871
851
5441
857
3473
787
863
851
838
2294
6867
5436
3469
4922
4300
74
838
1849
5494
1860
6043
3196
3474
3635
763
808
2490
857
879
3475
2
793
1885
5524
5446
7025
805
1639
5438
1881
1840
823
1799
1884
1793
1775
1883
1639
3647
1860
4539
6
3629
1860
1823
7025
3199
1799
480
5727
1821
480
1778
3652
3
1840
793
1816
1774
820
878
2
1872
878
3475
3635
2394
2299
470
2394
3629
779
829
1631
6043
1814
756
1858
820
1882
763
5703
1815
1633
5725
2294
4949
3469
1002
1860
1778
5688
3202
471
1788
1863
2484
473
863
471
3199
1849
839
4951
1800
1633
715
3632
1817
6867
6436
5436
1775
4532
848
4538
5494
856
3475
1810
6867
756
1881
820
787
1879
1884
6436
1774
1829
3646
1884
3652
811
1829
4297
1874
756
3179
4
1633
1818
40
1849
4951
5494
6
1633
1870
793
4541
3638
1640
3652
857
755
1883
3469
1021
3473
1793
1823
2299
4297
1860
3647
470
5438
3469
1866
1866
1883
5440
1788
776
3471
820
2486
5494
1775
747
4539
3475
3629
779
5924
1863
805
2058
5727
1858
77
848
4922
1775
4300
1781
802
3471
825
4951
802
1829
2294
683
1885
3632
756
4922
3474
4532
1799
5703
40
3640
802
6043
3632
3626
683
4922
1631
488
1794
4300
5
794
470
1838
2299
6436
5971
878
7025
3635
3632
6436
763
1640
779
1877
3471
3476
3635
74
1872
1778
779
1883
2486
2299
3207
1774
820
2481
6867
5438
4
1870
5494
2484
1855
1639
878
2486
5680
1639
1821
6436
1829
3635
779
3206
40
715
863
470
5688
878
4951
683
802
1775
5970
473
5971
1870
747
756
829
2394
4949
756
5732
3640
5725
3206
856
3476
747
4981
1838
1
1860
3199
4951
4300
1021
5439
3471
839
825
1882
1823
3
1814
4539
2050
3199
1817
5441
5443
1884
763
5975
805
7
3632
77
5703
5439
716
7025
470
3632
3476
2394
838
1885
5725
3652
1800
4981
2050
848
7754
6867
1640
5688
1872
1788
5437
2
77
3626
3646
1788
1883
5971
811
2490
4539
1815
471
1
823
4300
776
857
3646
1871
4539
1818
1879
40
5730
756
3206
7754
5975
5924
2481
3469
6
4537
1816
820
3204
1781
794
1774
716
1849
2394
1866
1880
4300
1855
747
5970
5688
2058
3474
4922
3474
6043
1879
5440
40
7754
811
808
6043
787
851
1840
5494
1775
787
4539
2490
2050
5680
5688
4539
1880
1849
716
1862
755
820
1002
1831
5437
4544
811
1021
829
1862
5494
851
1799
78
5439
4565
1633
3206
1849
3638
794
1818
471
5970
716
3206
5443
5685
1858
4981
848
5
838
1884
4981
3638
3207
5975
5703
7025
2486
1885
3
6436
1863
3475
726
5685
808
1021
3199
1866
473
1866
726
5694
1799
1870
4951
1858
823
4538
1799
793
1879
488
1848
5443
5853
1877
5975
60
4297
3635
726
4565
3638
4
5441
825
2294
1799
1880
4541
2299
3199
2484
1882
5680
5441
1
1862
683
3475
60
756
848
1781
848
3204
5436
1810
3629
813
1880
5441
4949
756
5924
7754
1781
2486
811
1872
1631
1788
1814
1818
470
3626
5703
5732
471
856
1633
1633
793
2394
1794
2050
3474
5971
5694
820
1858
5446
7
1872
3646
470
5446
77
1882
4538
5
1831
848
1829
488
1631
1775
7754
5924
5853
60
851
1863
3199
5924
1871
5437
3204
1879
5680
3638
1793
2294
40
471
5730
5439
5703
5694
4538
5970
3638
825
6436
1633
823
3632
2
4541
839
726
3626
4949
3473
2481
6436
1810
3475
5694
857
2
839
1821
726
1866
3638
4297
1838
1774
1793
5970
3196
1793
5524
7025
78
5436
2058
857
4949
5924
3473
5441
3474
1818
747
5730
1800
3476
3647
5730
1778
2484
3647
715
1021
473
1781
4922
3474
3206
4538
5732
5853
3196
4544
488
4544
5438
1838
3652
715
5730
878
4300
7
4565
1794
4538
3635
1
820
5
1633
779
3475
3196
763
4537
1
5443
3632
4565
1881
1633
5440
3647
473
2394
3475
1849
5688
1874
5436
879
5440
1002
820
776
3640
683
726
3640
1840
4538
3474
1855
1848
3206
1631
5524
5443
820
776
823
755
793
78
1788
2484
755
5708
1631
1002
1838
839
878
3469
1639
2394
4565
6436
1875
5708
3
1002
5680
3475
1774
1838
3638
1866
3629
1848
4951
1860
5443
813
1633
3196
4541
802
4532
5494
863
787
6
1778
1831
1814
2050
1829
848
6043
1778
3652
5729
60
4
1775
40
60
3207
1858
4537
2299
1870
4565
5524
715
4951
5685
4532
747
3475
5446
776
2294
5440
878
3202
1817
794
5730
5971
5443
3635
805
1879
1794
4951
3647
1875
3629
480
1818
2050
5971
1829
1858
7754
6867
776
2394
813
716
