109
145
55
148
23
163
2
22
103
24
109
145
55
148
23
163
2
22
103
24
109
145
55
148
23
163
2
22
103
24
109
145
55
148
23
163
2
22
103
24
109
145
55
148
23
163
2
22
103
24
109
145
55
148
23
163
2
22
103
24
109
145
55
148
23
163
2
22
103
24
109
145
55
148
23
163
2
22
103
24
109
145
55
148
23
163
2
22
103
24
109
145
55
148
23
163
2
22
103
24
109
145
55
148
23
163
2
22
103
24
109
145
55
148
23
163
2
22
103
24
109
145
55
148
23
163
2
22
103
24
109
145
55
148
23
163
2
22
103
24
109
145
55
148
23
163
2
22
103
24
109
145
55
148
23
163
2
22
103
24
109
145
55
148
23
163
2
22
103
24
109
145
55
148
23
163
2
22
103
24
109
145
55
148
23
163
2
22
103
24
109
145
55
148
23
163
2
22
103
24
109
145
55
148
23
163
2
22
103
24
109
145
55
148
23
163
2
22
103
24
109
145
55
148
23
163
2
22
103
24
109
145
55
148
23
163
2
22
103
24
109
145
55
148
23
163
2
22
103
24
109
145
55
148
23
163
2
22
103
24
109
145
55
148
23
163
2
22
103
24
109
145
55
148
23
163
2
22
103
24
109
145
55
148
23
163
2
22
103
24
109
145
55
148
23
163
2
22
103
24
109
145
55
148
23
163
2
22
103
24
109
145
55
148
23
163
2
22
103
24
109
145
55
148
23
163
2
22
103
24
109
145
55
148
23
163
2
22
103
24
109
145
55
148
23
163
2
22
103
24
109
145
55
148
23
163
2
22
103
24
109
145
55
148
23
163
2
22
103
24
109
145
55
148
23
163
2
22
103
24
109
145
55
148
23
163
2
22
103
24
109
145
55
148
23
163
2
22
103
24
109
145
55
148
23
163
2
22
103
24
109
145
55
148
23
163
2
22
103
24
109
145
55
148
23
163
2
22
103
24
109
145
55
148
23
163
2
22
103
24
109
145
55
148
23
163
2
22
103
24
109
145
55
148
23
163
2
22
103
24
109
145
55
148
23
163
2
22
103
24
109
145
55
148
23
163
2
22
103
24
109
145
55
148
23
163
2
22
103
24
109
145
55
148
23
163
2
22
103
24
