9
3
23
15
11
9
3
23
15
11
9
3
23
15
11
9
3
23
15
11
9
3
23
15
11
9
3
23
15
11
9
3
23
15
11
9
3
23
15
11
9
3
23
15
11
9
3
23
15
11
9
3
23
15
11
9
3
23
15
11
9
3
23
15
11
9
3
23
15
11
9
3
23
15
11
9
3
23
15
11
9
3
23
15
11
9
3
23
15
11
9
3
23
15
11
9
3
23
15
11
9
3
23
15
11
9
3
23
15
11
9
3
23
15
11
9
3
23
15
11
9
3
23
15
11
9
3
23
15
11
9
3
23
15
11
9
3
23
15
11
9
3
23
15
11
9
3
23
15
11
9
3
23
15
11
9
3
23
15
11
9
3
23
15
11
9
3
23
15
11
9
3
23
15
11
9
3
23
15
11
9
3
23
15
11
9
3
23
15
11
9
3
23
15
11
9
3
23
15
11
9
3
23
15
11
9
3
23
15
11
9
3
23
15
11
9
3
23
15
11
9
3
23
15
11
9
3
23
15
11
9
3
23
15
11
9
3
23
15
11
9
3
23
15
11
9
3
23
15
11
