82
109
83
79
46
90
128
16
148
50
82
109
83
79
46
90
128
16
148
50
82
109
83
79
46
90
128
16
148
50
82
109
83
79
46
90
128
16
148
50
82
109
83
79
46
90
128
16
148
50
82
109
83
79
46
90
128
16
148
50
82
109
83
79
46
90
128
16
148
50
82
109
83
79
46
90
128
16
148
50
82
109
83
79
46
90
128
16
148
50
82
109
83
79
46
90
128
16
148
50
82
109
83
79
46
90
128
16
148
50
82
109
83
79
46
90
128
16
148
50
82
109
83
79
46
90
128
16
148
50
82
109
83
79
46
90
128
16
148
50
82
109
83
79
46
90
128
16
148
50
82
109
83
79
46
90
128
16
148
50
82
109
83
79
46
90
128
16
148
50
82
109
83
79
46
90
128
16
148
50
82
109
83
79
46
90
128
16
148
50
82
109
83
79
46
90
128
16
148
50
82
109
83
79
46
90
128
16
148
50
82
109
83
79
46
90
128
16
148
50
82
109
83
79
46
90
128
16
148
50
82
109
83
79
46
90
128
16
148
50
82
109
83
79
46
90
128
16
148
50
82
109
83
79
46
90
128
16
148
50
82
109
83
79
46
90
128
16
148
50
82
109
83
79
46
90
128
16
148
50
82
109
83
79
46
90
128
16
148
50
82
109
83
79
46
90
128
16
148
50
82
109
83
79
46
90
128
16
148
50
82
109
83
79
46
90
128
16
148
50
82
109
83
79
46
90
128
16
148
50
82
109
83
79
46
90
128
16
148
50
82
109
83
79
46
90
128
16
148
50
82
109
83
79
46
90
128
16
148
50
82
109
83
79
46
90
128
16
148
50
82
109
83
79
46
90
128
16
148
50
82
109
83
79
46
90
128
16
148
50
82
109
83
79
46
90
128
16
148
50
82
109
83
79
46
90
128
16
148
50
82
109
83
79
46
90
128
16
148
50
82
109
83
79
46
90
128
16
148
50
82
109
83
79
46
90
128
16
148
50
82
109
83
79
46
90
128
16
148
50
82
109
83
79
46
90
128
16
148
50
82
109
83
79
46
90
128
16
148
50
82
109
83
79
46
90
128
16
148
50
82
109
83
79
46
90
128
16
148
50
82
109
83
79
46
90
128
16
148
50
