107
43
21
1
33
107
43
21
1
33
107
43
21
1
33
107
43
21
1
33
107
43
21
1
33
107
43
21
1
33
107
43
21
1
33
107
43
21
1
33
107
43
21
1
33
107
43
21
1
33
107
43
21
1
33
107
43
21
1
33
107
43
21
1
33
107
43
21
1
33
107
43
21
1
33
107
43
21
1
33
107
43
21
1
33
107
43
21
1
33
107
43
21
1
33
107
43
21
1
33
107
43
21
1
33
107
43
21
1
33
107
43
21
1
33
107
43
21
1
33
107
43
21
1
33
107
43
21
1
33
107
43
21
1
33
107
43
21
1
33
107
43
21
1
33
107
43
21
1
33
107
43
21
1
33
107
43
21
1
33
107
43
21
1
33
107
43
21
1
33
107
43
21
1
33
107
43
21
1
33
107
43
21
1
33
107
43
21
1
33
107
43
21
1
33
107
43
21
1
33
107
43
21
1
33
107
43
21
1
33
107
43
21
1
33
107
43
21
1
33
107
43
21
1
33
107
43
21
1
33
107
43
21
1
33
107
43
21
1
33
107
43
21
1
33
107
43
21
1
33
