37
39
142
192
135
247
146
98
271
248
37
39
142
192
135
247
146
98
271
248
37
39
142
192
135
247
146
98
271
248
37
39
142
192
135
247
146
98
271
248
37
39
142
192
135
247
146
98
271
248
37
39
142
192
135
247
146
98
271
248
37
39
142
192
135
247
146
98
271
248
37
39
142
192
135
247
146
98
271
248
37
39
142
192
135
247
146
98
271
248
37
39
142
192
135
247
146
98
271
248
37
39
142
192
135
247
146
98
271
248
37
39
142
192
135
247
146
98
271
248
37
39
142
192
135
247
146
98
271
248
37
39
142
192
135
247
146
98
271
248
37
39
142
192
135
247
146
98
271
248
37
39
142
192
135
247
146
98
271
248
37
39
142
192
135
247
146
98
271
248
37
39
142
192
135
247
146
98
271
248
37
39
142
192
135
247
146
98
271
248
37
39
142
192
135
247
146
98
271
248
37
39
142
192
135
247
146
98
271
248
37
39
142
192
135
247
146
98
271
248
37
39
142
192
135
247
146
98
271
248
37
39
142
192
135
247
146
98
271
248
37
39
142
192
135
247
146
98
271
248
37
39
142
192
135
247
146
98
271
248
37
39
142
192
135
247
146
98
271
248
37
39
142
192
135
247
146
98
271
248
37
39
142
192
135
247
146
98
271
248
37
39
142
192
135
247
146
98
271
248
37
39
142
192
135
247
146
98
271
248
37
39
142
192
135
247
146
98
271
248
37
39
142
192
135
247
146
98
271
248
37
39
142
192
135
247
146
98
271
248
37
39
142
192
135
247
146
98
271
248
37
39
142
192
135
247
146
98
271
248
37
39
142
192
135
247
146
98
271
248
37
39
142
192
135
247
146
98
271
248
37
39
142
192
135
247
146
98
271
248
37
39
142
192
135
247
146
98
271
248
37
39
142
192
135
247
146
98
271
248
37
39
142
192
135
247
146
98
271
248
37
39
142
192
135
247
146
98
271
248
37
39
142
192
135
247
146
98
271
248
37
39
142
192
135
247
146
98
271
248
37
39
142
192
135
247
146
98
271
248
37
39
142
192
135
247
146
98
271
248
37
39
142
192
135
247
146
98
271
248
37
39
142
192
135
247
146
98
271
248
37
39
142
192
135
247
146
98
271
248
