478
54
33
9
20
295
19
538
527
39
44
491
338
296
223
332
26
379
23
463
478
54
33
9
20
295
19
538
527
39
44
491
338
296
223
332
26
379
23
463
478
54
33
9
20
295
19
538
527
39
44
491
338
296
223
332
26
379
23
463
478
54
33
9
20
295
19
538
527
39
44
491
338
296
223
332
26
379
23
463
478
54
33
9
20
295
19
538
527
39
44
491
338
296
223
332
26
379
23
463
478
54
33
9
20
295
19
538
527
39
44
491
338
296
223
332
26
379
23
463
478
54
33
9
20
295
19
538
527
39
44
491
338
296
223
332
26
379
23
463
478
54
33
9
20
295
19
538
527
39
44
491
338
296
223
332
26
379
23
463
478
54
33
9
20
295
19
538
527
39
44
491
338
296
223
332
26
379
23
463
478
54
33
9
20
295
19
538
527
39
44
491
338
296
223
332
26
379
23
463
478
54
33
9
20
295
19
538
527
39
44
491
338
296
223
332
26
379
23
463
478
54
33
9
20
295
19
538
527
39
44
491
338
296
223
332
26
379
23
463
478
54
33
9
20
295
19
538
527
39
44
491
338
296
223
332
26
379
23
463
478
54
33
9
20
295
19
538
527
39
44
491
338
296
223
332
26
379
23
463
478
54
33
9
20
295
19
538
527
39
44
491
338
296
223
332
26
379
23
463
478
54
33
9
20
295
19
538
527
39
44
491
338
296
223
332
26
379
23
463
478
54
33
9
20
295
19
538
527
39
44
491
338
296
223
332
26
379
23
463
478
54
33
9
20
295
19
538
527
39
44
491
338
296
223
332
26
379
23
463
478
54
33
9
20
295
19
538
527
39
44
491
338
296
223
332
26
379
23
463
478
54
33
9
20
295
19
538
527
39
44
491
338
296
223
332
26
379
23
463
478
54
33
9
20
295
19
538
527
39
44
491
338
296
223
332
26
379
23
463
478
54
33
9
20
295
19
538
527
39
44
491
338
296
223
332
26
379
23
463
478
54
33
9
20
295
19
538
527
39
44
491
338
296
223
332
26
379
23
463
478
54
33
9
20
295
19
538
527
39
44
491
338
296
223
332
26
379
23
463
478
54
33
9
20
295
19
538
527
39
44
491
338
296
223
332
26
379
23
463
478
54
33
9
20
295
19
538
527
39
44
491
338
296
223
332
26
379
23
463
478
54
33
9
20
295
19
538
527
39
44
491
338
296
223
332
26
379
23
463
478
54
33
9
20
295
19
538
527
39
44
491
338
296
223
332
26
379
23
463
478
54
33
9
20
295
19
538
527
39
44
491
338
296
223
332
26
379
23
463
478
54
33
9
20
295
19
538
527
39
44
491
338
296
223
332
26
379
23
463
478
54
33
9
20
295
19
538
527
39
44
491
338
296
223
332
26
379
23
463
478
54
33
9
20
295
19
538
527
39
44
491
338
296
223
332
26
379
23
463
478
54
33
9
20
295
19
538
527
39
44
491
338
296
223
332
26
379
23
463
478
54
33
9
20
295
19
538
527
39
44
491
338
296
223
332
26
379
23
463
478
54
33
9
20
295
19
538
527
39
44
491
338
296
223
332
26
379
23
463
478
54
33
9
20
295
19
538
527
39
44
491
338
296
223
332
26
379
23
463
478
54
33
9
20
295
19
538
527
39
44
491
338
296
223
332
26
379
23
463
478
54
33
9
20
295
19
538
527
39
44
491
338
296
223
332
26
379
23
463
478
54
33
9
20
295
19
538
527
39
44
491
338
296
223
332
26
379
23
463
478
54
33
9
20
295
19
538
527
39
44
491
338
296
223
332
26
379
23
463
478
54
33
9
20
295
19
538
527
39
44
491
338
296
223
332
26
379
23
463
478
54
33
9
20
295
19
538
527
39
44
491
338
296
223
332
26
379
23
463
478
54
33
9
20
295
19
538
527
39
44
491
338
296
223
332
26
379
23
463
478
54
33
9
20
295
19
538
527
39
44
491
338
296
223
332
26
379
23
463
478
54
33
9
20
295
19
538
527
39
44
491
338
296
223
332
26
379
23
463
478
54
33
9
20
295
19
538
527
39
44
491
338
296
223
332
26
379
23
463
478
54
33
9
20
295
19
538
527
39
44
491
338
296
223
332
26
379
23
463
478
54
33
9
20
295
19
538
527
39
44
491
338
296
223
332
26
379
23
463
478
54
33
9
20
295
19
538
527
39
44
491
338
296
223
332
26
379
23
463
478
54
33
9
20
295
19
538
527
39
44
491
338
296
223
332
26
379
23
463
