6
7
5
2
882
380
839
4
278
742
294
293
1
104
305
3
321
1731
430
1379
907
329
307
437
729
120
299
99
346
869
6
7
5
2
882
380
839
4
278
742
294
293
1
104
305
3
321
1731
430
1379
907
329
307
437
729
120
299
99
346
869
6
7
5
2
882
380
839
4
278
742
294
293
1
104
305
3
321
1731
430
1379
907
329
307
437
729
120
299
99
346
869
6
7
5
2
882
380
839
4
278
742
294
293
1
104
305
3
321
1731
430
1379
907
329
307
437
729
120
299
99
346
869
6
7
5
2
882
380
839
4
278
742
294
293
1
104
305
3
321
1731
430
1379
907
329
307
437
729
120
299
99
346
869
6
7
5
2
882
380
839
4
278
742
294
293
1
104
305
3
321
1731
430
1379
907
329
307
437
729
120
299
99
346
869
6
7
5
2
882
380
839
4
278
742
294
293
1
104
305
3
321
1731
430
1379
907
329
307
437
729
120
299
99
346
869
6
7
5
2
882
380
839
4
278
742
294
293
1
104
305
3
321
1731
430
1379
907
329
307
437
729
120
299
99
346
869
6
7
5
2
882
380
839
4
278
742
294
293
1
104
305
3
321
1731
430
1379
907
329
307
437
729
120
299
99
346
869
6
7
5
2
882
380
839
4
278
742
294
293
1
104
305
3
321
1731
430
1379
907
329
307
437
729
120
299
99
346
869
6
7
5
2
882
380
839
4
278
742
294
293
1
104
305
3
321
1731
430
1379
907
329
307
437
729
120
299
99
346
869
6
7
5
2
882
380
839
4
278
742
294
293
1
104
305
3
321
1731
430
1379
907
329
307
437
729
120
299
99
346
869
6
7
5
2
882
380
839
4
278
742
294
293
1
104
305
3
321
1731
430
1379
907
329
307
437
729
120
299
99
346
869
6
7
5
2
882
380
839
4
278
742
294
293
1
104
305
3
321
1731
430
1379
907
329
307
437
729
120
299
99
346
869
6
7
5
2
882
380
839
4
278
742
294
293
1
104
305
3
321
1731
430
1379
907
329
307
437
729
120
299
99
346
869
6
7
5
2
882
380
839
4
278
742
294
293
1
104
305
3
321
1731
430
1379
907
329
307
437
729
120
299
99
346
869
6
7
5
2
882
380
839
4
278
742
294
293
1
104
305
3
321
1731
430
1379
907
329
307
437
729
120
299
99
346
869
6
7
5
2
882
380
839
4
278
742
294
293
1
104
305
3
321
1731
430
1379
907
329
307
437
729
120
299
99
346
869
6
7
5
2
882
380
839
4
278
742
294
293
1
104
305
3
321
1731
430
1379
907
329
307
437
729
120
299
99
346
869
6
7
5
2
882
380
839
4
278
742
294
293
1
104
305
3
321
1731
430
1379
907
329
307
437
729
120
299
99
346
869
6
7
5
2
882
380
839
4
278
742
294
293
1
104
305
3
321
1731
430
1379
907
329
307
437
729
120
299
99
346
869
6
7
5
2
882
380
839
4
278
742
294
293
1
104
305
3
321
1731
430
1379
907
329
307
437
729
120
299
99
346
869
6
7
5
2
882
380
839
4
278
742
294
293
1
104
305
3
321
1731
430
1379
907
329
307
437
729
120
299
99
346
869
6
7
5
2
882
380
839
4
278
742
294
293
1
104
305
3
321
1731
430
1379
907
329
307
437
729
120
299
99
346
869
6
7
5
2
882
380
839
4
278
742
294
293
1
104
305
3
321
1731
430
1379
907
329
307
437
729
120
299
99
346
869
6
7
5
2
882
380
839
4
278
742
294
293
1
104
305
3
321
1731
430
1379
907
329
307
437
729
120
299
99
346
869
6
7
5
2
882
380
839
4
278
742
294
293
1
104
305
3
321
1731
430
1379
907
329
307
437
729
120
299
99
346
869
6
7
5
2
882
380
839
4
278
742
294
293
1
104
305
3
321
1731
430
1379
907
329
307
437
729
120
299
99
346
869
6
7
5
2
882
380
839
4
278
742
294
293
1
104
305
3
321
1731
430
1379
907
329
307
437
729
120
299
99
346
869
6
7
5
2
882
380
839
4
278
742
294
293
1
104
305
3
321
1731
430
1379
907
329
307
437
729
120
299
99
346
869
6
7
5
2
882
380
839
4
278
742
294
293
1
104
305
3
321
1731
430
1379
907
329
307
437
729
120
299
99
346
869
6
7
5
2
882
380
839
4
278
742
294
293
1
104
305
3
321
1731
430
1379
907
329
307
437
729
120
299
99
346
869
6
7
5
2
882
380
839
4
278
742
294
293
1
104
305
3
321
1731
430
1379
907
329
307
437
729
120
299
99
346
869
6
7
5
2
882
380
839
4
278
742
294
293
1
104
305
3
321
1731
430
1379
907
329
307
437
729
120
299
99
346
869
6
7
5
2
882
380
839
4
278
742
294
293
1
104
305
3
321
1731
430
1379
907
329
307
437
729
120
299
99
346
869
6
7
5
2
882
380
839
4
278
742
294
293
1
104
305
3
321
1731
430
1379
907
329
307
437
729
120
299
99
346
869
6
7
5
2
882
380
839
4
278
742
294
293
1
104
305
3
321
1731
430
1379
907
329
307
437
729
120
299
99
346
869
6
7
5
2
882
380
839
4
278
742
294
293
1
104
305
3
321
1731
430
1379
907
329
307
437
729
120
299
99
346
869
6
7
5
2
882
380
839
4
278
742
294
293
1
104
305
3
321
1731
430
1379
907
329
307
437
729
120
299
99
346
869
6
7
5
2
882
380
839
4
278
742
294
293
1
104
305
3
321
1731
430
1379
907
329
307
437
729
120
299
99
346
869
6
7
5
2
882
380
839
4
278
742
294
293
1
104
305
3
321
1731
430
1379
907
329
307
437
729
120
299
99
346
869
6
7
5
2
882
380
839
4
278
742
294
293
1
104
305
3
321
1731
430
1379
907
329
307
437
729
120
299
99
346
869
6
7
5
2
882
380
839
4
278
742
294
293
1
104
305
3
321
1731
430
1379
907
329
307
437
729
120
299
99
346
869
6
7
5
2
882
380
839
4
278
742
294
293
1
104
305
3
321
1731
430
1379
907
329
307
437
729
120
299
99
346
869
6
7
5
2
882
380
839
4
278
742
294
293
1
104
305
3
321
1731
430
1379
907
329
307
437
729
120
299
99
346
869
6
7
5
2
882
380
839
4
278
742
294
293
1
104
305
3
321
1731
430
1379
907
329
307
437
729
120
299
99
346
869
6
7
5
2
882
380
839
4
278
742
294
293
1
104
305
3
321
1731
430
1379
907
329
307
437
729
120
299
99
346
869
6
7
5
2
882
380
839
4
278
742
294
293
1
104
305
3
321
1731
430
1379
907
329
307
437
729
120
299
99
346
869
6
7
5
2
882
380
839
4
278
742
294
293
1
104
305
3
321
1731
430
1379
907
329
307
437
729
120
299
99
346
869
6
7
5
2
882
380
839
4
278
742
294
293
1
104
305
3
321
1731
430
1379
907
329
307
437
729
120
299
99
346
869
