715
576
688
1869
220
1889
2046
1310
81
184
608
809
705
399
1254
1523
319
605
679
1515
203
314
318
577
1319
28
2102
1091
1369
2061
1940
1130
2064
599
1009
655
659
83
1035
725
715
576
688
1869
220
1889
2046
1310
81
184
608
809
705
399
1254
1523
319
605
679
1515
203
314
318
577
1319
28
2102
1091
1369
2061
1940
1130
2064
599
1009
655
659
83
1035
725
715
576
688
1869
220
1889
2046
1310
81
184
608
809
705
399
1254
1523
319
605
679
1515
203
314
318
577
1319
28
2102
1091
1369
2061
1940
1130
2064
599
1009
655
659
83
1035
725
715
576
688
1869
220
1889
2046
1310
81
184
608
809
705
399
1254
1523
319
605
679
1515
203
314
318
577
1319
28
2102
1091
1369
2061
1940
1130
2064
599
1009
655
659
83
1035
725
715
576
688
1869
220
1889
2046
1310
81
184
608
809
705
399
1254
1523
319
605
679
1515
203
314
318
577
1319
28
2102
1091
1369
2061
1940
1130
2064
599
1009
655
659
83
1035
725
715
576
688
1869
220
1889
2046
1310
81
184
608
809
705
399
1254
1523
319
605
679
1515
203
314
318
577
1319
28
2102
1091
1369
2061
1940
1130
2064
599
1009
655
659
83
1035
725
715
576
688
1869
220
1889
2046
1310
81
184
608
809
705
399
1254
1523
319
605
679
1515
203
314
318
577
1319
28
2102
1091
1369
2061
1940
1130
2064
599
1009
655
659
83
1035
725
715
576
688
1869
220
1889
2046
1310
81
184
608
809
705
399
1254
1523
319
605
679
1515
203
314
318
577
1319
28
2102
1091
1369
2061
1940
1130
2064
599
1009
655
659
83
1035
725
715
576
688
1869
220
1889
2046
1310
81
184
608
809
705
399
1254
1523
319
605
679
1515
203
314
318
577
1319
28
2102
1091
1369
2061
1940
1130
2064
599
1009
655
659
83
1035
725
715
576
688
1869
220
1889
2046
1310
81
184
608
809
705
399
1254
1523
319
605
679
1515
203
314
318
577
1319
28
2102
1091
1369
2061
1940
1130
2064
599
1009
655
659
83
1035
725
715
576
688
1869
220
1889
2046
1310
81
184
608
809
705
399
1254
1523
319
605
679
1515
203
314
318
577
1319
28
2102
1091
1369
2061
1940
1130
2064
599
1009
655
659
83
1035
725
715
576
688
1869
220
1889
2046
1310
81
184
608
809
705
399
1254
1523
319
605
679
1515
203
314
318
577
1319
28
2102
1091
1369
2061
1940
1130
2064
599
1009
655
659
83
1035
725
715
576
688
1869
220
1889
2046
1310
81
184
608
809
705
399
1254
1523
319
605
679
1515
203
314
318
577
1319
28
2102
1091
1369
2061
1940
1130
2064
599
1009
655
659
83
1035
725
715
576
688
1869
220
1889
2046
1310
81
184
608
809
705
399
1254
1523
319
605
679
1515
203
314
318
577
1319
28
2102
1091
1369
2061
1940
1130
2064
599
1009
655
659
83
1035
725
715
576
688
1869
220
1889
2046
1310
81
184
608
809
705
399
1254
1523
319
605
679
1515
203
314
318
577
1319
28
2102
1091
1369
2061
1940
1130
2064
599
1009
655
659
83
1035
725
715
576
688
1869
220
1889
2046
1310
81
184
608
809
705
399
1254
1523
319
605
679
1515
203
314
318
577
1319
28
2102
1091
1369
2061
1940
1130
2064
599
1009
655
659
83
1035
725
715
576
688
1869
220
1889
2046
1310
81
184
608
809
705
399
1254
1523
319
605
679
1515
203
314
318
577
1319
28
2102
1091
1369
2061
1940
1130
2064
599
1009
655
659
83
1035
725
715
576
688
1869
220
1889
2046
1310
81
184
608
809
705
399
1254
1523
319
605
679
1515
203
314
318
577
1319
28
2102
1091
1369
2061
1940
1130
2064
599
1009
655
659
83
1035
725
715
576
688
1869
220
1889
2046
1310
81
184
608
809
705
399
1254
1523
319
605
679
1515
203
314
318
577
1319
28
2102
1091
1369
2061
1940
1130
2064
599
1009
655
659
83
1035
725
715
576
688
1869
220
1889
2046
1310
81
184
608
809
705
399
1254
1523
319
605
679
1515
203
314
318
577
1319
28
2102
1091
1369
2061
1940
1130
2064
599
1009
655
659
83
1035
725
715
576
688
1869
220
1889
2046
1310
81
184
608
809
705
399
1254
1523
319
605
679
1515
203
314
318
577
1319
28
2102
1091
1369
2061
1940
1130
2064
599
1009
655
659
83
1035
725
715
576
688
1869
220
1889
2046
1310
81
184
608
809
705
399
1254
1523
319
605
679
1515
203
314
318
577
1319
28
2102
1091
1369
2061
1940
1130
2064
599
1009
655
659
83
1035
725
715
576
688
1869
220
1889
2046
1310
81
184
608
809
705
399
1254
1523
319
605
679
1515
203
314
318
577
1319
28
2102
1091
1369
2061
1940
1130
2064
599
1009
655
659
83
1035
725
715
576
688
1869
220
1889
2046
1310
81
184
608
809
705
399
1254
1523
319
605
679
1515
203
314
318
577
1319
28
2102
1091
1369
2061
1940
1130
2064
599
1009
655
659
83
1035
725
715
576
688
1869
220
1889
2046
1310
81
184
608
809
705
399
1254
1523
319
605
679
1515
203
314
318
577
1319
28
2102
1091
1369
2061
1940
1130
2064
599
1009
655
659
83
1035
725
715
576
688
1869
220
1889
2046
1310
81
184
608
809
705
399
1254
1523
319
605
679
1515
203
314
318
577
1319
28
2102
1091
1369
2061
1940
1130
2064
599
1009
655
659
83
1035
725
715
576
688
1869
220
1889
2046
1310
81
184
608
809
705
399
1254
1523
319
605
679
1515
203
314
318
577
1319
28
2102
1091
1369
2061
1940
1130
2064
599
1009
655
659
83
1035
725
715
576
688
1869
220
1889
2046
1310
81
184
608
809
705
399
1254
1523
319
605
679
1515
203
314
318
577
1319
28
2102
1091
1369
2061
1940
1130
2064
599
1009
655
659
83
1035
725
715
576
688
1869
220
1889
2046
1310
81
184
608
809
705
399
1254
1523
319
605
679
1515
203
314
318
577
1319
28
2102
1091
1369
2061
1940
1130
2064
599
1009
655
659
83
1035
725
715
576
688
1869
220
1889
2046
1310
81
184
608
809
705
399
1254
1523
319
605
679
1515
203
314
318
577
1319
28
2102
1091
1369
2061
1940
1130
2064
599
1009
655
659
83
1035
725
715
576
688
1869
220
1889
2046
1310
81
184
608
809
705
399
1254
1523
319
605
679
1515
203
314
318
577
1319
28
2102
1091
1369
2061
1940
1130
2064
599
1009
655
659
83
1035
725
715
576
688
1869
220
1889
2046
1310
81
184
608
809
705
399
1254
1523
319
605
679
1515
203
314
318
577
1319
28
2102
1091
1369
2061
1940
1130
2064
599
1009
655
659
83
1035
725
715
576
688
1869
220
1889
2046
1310
81
184
608
809
705
399
1254
1523
319
605
679
1515
203
314
318
577
1319
28
2102
1091
1369
2061
1940
1130
2064
599
1009
655
659
83
1035
725
715
576
688
1869
220
1889
2046
1310
81
184
608
809
705
399
1254
1523
319
605
679
1515
203
314
318
577
1319
28
2102
1091
1369
2061
1940
1130
2064
599
1009
655
659
83
1035
725
715
576
688
1869
220
1889
2046
1310
81
184
608
809
705
399
1254
1523
319
605
679
1515
203
314
318
577
1319
28
2102
1091
1369
2061
1940
1130
2064
599
1009
655
659
83
1035
725
715
576
688
1869
220
1889
2046
1310
81
184
608
809
705
399
1254
1523
319
605
679
1515
203
314
318
577
1319
28
2102
1091
1369
2061
1940
1130
2064
599
1009
655
659
83
1035
725
715
576
688
1869
220
1889
2046
1310
81
184
608
809
705
399
1254
1523
319
605
679
1515
203
314
318
577
1319
28
2102
1091
1369
2061
1940
1130
2064
599
1009
655
659
83
1035
725
715
576
688
1869
220
1889
2046
1310
81
184
608
809
705
399
1254
1523
319
605
679
1515
203
314
318
577
1319
28
2102
1091
1369
2061
1940
1130
2064
599
1009
655
659
83
1035
725
715
576
688
1869
220
1889
2046
1310
81
184
608
809
705
399
1254
1523
319
605
679
1515
203
314
318
577
1319
28
2102
1091
1369
2061
1940
1130
2064
599
1009
655
659
83
1035
725
715
576
688
1869
220
1889
2046
1310
81
184
608
809
705
399
1254
1523
319
605
679
1515
203
314
318
577
1319
28
2102
1091
1369
2061
1940
1130
2064
599
1009
655
659
83
1035
725
715
576
688
1869
220
1889
2046
1310
81
184
608
809
705
399
1254
1523
319
605
679
1515
203
314
318
577
1319
28
2102
1091
1369
2061
1940
1130
2064
599
1009
655
659
83
1035
725
715
576
688
1869
220
1889
2046
1310
81
184
608
809
705
399
1254
1523
319
605
679
1515
203
314
318
577
1319
28
2102
1091
1369
2061
1940
1130
2064
599
1009
655
659
83
1035
725
715
576
688
1869
220
1889
2046
1310
81
184
608
809
705
399
1254
1523
319
605
679
1515
203
314
318
577
1319
28
2102
1091
1369
2061
1940
1130
2064
599
1009
655
659
83
1035
725
715
576
688
1869
220
1889
2046
1310
81
184
608
809
705
399
1254
1523
319
605
679
1515
203
314
318
577
1319
28
2102
1091
1369
2061
1940
1130
2064
599
1009
655
659
83
1035
725
715
576
688
1869
220
1889
2046
1310
81
184
608
809
705
399
1254
1523
319
605
679
1515
203
314
318
577
1319
28
2102
1091
1369
2061
1940
1130
2064
599
1009
655
659
83
1035
725
715
576
688
1869
220
1889
2046
1310
81
184
608
809
705
399
1254
1523
319
605
679
1515
203
314
318
577
1319
28
2102
1091
1369
2061
1940
1130
2064
599
1009
655
659
83
1035
725
715
576
688
1869
220
1889
2046
1310
81
184
608
809
705
399
1254
1523
319
605
679
1515
203
314
318
577
1319
28
2102
1091
1369
2061
1940
1130
2064
599
1009
655
659
83
1035
725
715
576
688
1869
220
1889
2046
1310
81
184
608
809
705
399
1254
1523
319
605
679
1515
203
314
318
577
1319
28
2102
1091
1369
2061
1940
1130
2064
599
1009
655
659
83
1035
725
715
576
688
1869
220
1889
2046
1310
81
184
608
809
705
399
1254
1523
319
605
679
1515
203
314
318
577
1319
28
2102
1091
1369
2061
1940
1130
2064
599
1009
655
659
83
1035
725
715
576
688
1869
220
1889
2046
1310
81
184
608
809
705
399
1254
1523
319
605
679
1515
203
314
318
577
1319
28
2102
1091
1369
2061
1940
1130
2064
599
1009
655
659
83
1035
725
