298
590
739
99
163
156
362
782
98
778
76
70
774
793
506
377
842
970
970
29
566
581
580
1250
493
182
836
734
776
29
195
844
74
570
729
277
513
792
834
705
1216
77
120
28
767
472
493
786
79
780
197
312
497
859
829
383
29
278
816
496
760
474
792
76
271
264
69
158
844
269
71
816
705
186
103
296
94
276
601
839
1372
490
504
192
264
475
806
77
768
475
110
795
605
513
581
734
806
158
187
806
587
767
1109
106
401
161
264
807
186
104
566
498
113
795
137
107
605
360
163
284
197
790
587
98
955
76
296
105
102
834
614
174
605
607
757
569
154
566
506
594
264
153
160
403
786
475
475
783
867
628
472
127
839
273
787
490
101
705
296
76
84
776
80
113
273
570
360
607
88
76
787
616
174
834
195
120
174
787
728
513
74
360
263
94
1372
474
298
581
472
161
760
147
197
161
839
98
76
71
792
867
1045
584
103
859
1216
362
859
472
1216
496
581
188
298
200
203
603
739
122
844
81
734
197
757
775
273
111
97
200
312
159
505
474
102
705
109
778
770
806
298
287
792
174
88
591
84
111
106
765
156
497
834
588
970
823
867
474
806
117
377
588
474
70
570
505
1372
277
815
495
94
580
1372
806
728
111
294
200
68
1216
595
102
1109
97
1045
277
513
179
93
182
841
590
156
758
955
198
766
84
607
284
770
844
785
779
859
613
614
84
498
362
818
497
99
122
786
585
360
955
114
187
806
273
73
614
495
859
774
775
294
474
86
80
758
795
474
200
613
734
844
103
955
137
271
581
836
955
829
839
614
85
496
513
383
513
1250
513
93
182
120
792
104
603
119
606
595
829
107
160
162
839
775
880
104
153
294
505
841
99
155
776
283
787
277
162
198
271
880
790
786
283
198
103
767
84
188
357
174
842
87
844
110
840
839
806
498
1045
379
505
80
474
475
87
93
504
119
298
580
569
187
296
69
764
628
806
67
74
28
591
504
68
156
186
70
588
758
84
122
757
83
605
114
1250
107
806
78
616
970
108
271
401
776
782
472
99
492
79
1045
601
156
970
760
513
110
778
271
594
782
614
195
757
628
840
616
141
271
399
78
379
813
806
93
401
163
269
1250
1045
1216
496
779
403
815
163
591
377
769
758
274
762
160
163
807
187
594
287
585
102
584
770
770
197
69
844
728
157
951
474
186
779
816
269
613
158
839
179
778
101
269
117
729
360
504
117
596
106
774
759
375
154
728
73
106
774
174
869
81
159
734
81
785
375
401
494
783
594
67
87
158
274
296
504
156
356
613
198
287
659
261
587
867
70
839
613
671
769
109
74
880
596
156
399
108
603
504
274
566
792
84
109
775
592
375
728
188
1109
68
590
955
122
312
496
815
592
200
729
795
182
591
584
158
728
581
495
806
798
842
162
158
606
99
105
161
839
113
840
192
264
839
628
357
84
601
103
594
504
356
287
87
780
758
375
606
601
114
758
728
273
87
440
107
98
186
80
86
778
137
85
110
605
73
362
110
591
174
358
591
729
790
153
705
200
108
815
859
607
263
104
84
147
28
764
362
197
760
28
296
29
106
783
84
836
147
294
277
790
592
296
156
269
110
955
105
880
160
157
728
807
867
587
765
601
836
126
816
273
78
101
607
513
970
157
358
269
591
859
93
497
141
472
80
770
492
607
271
783
606
490
790
188
160
793
79
106
802
614
81
298
770
87
71
283
1372
298
203
790
823
88
186
594
474
1372
778
1372
601
159
110
358
110
569
198
174
122
1372
356
108
78
70
198
79
505
570
399
264
264
587
85
203
440
603
806
157
659
504
970
81
157
1109
605
815
869
78
69
277
192
117
88
1250
659
590
283
496
276
77
278
783
294
86
126
859
793
163
101
782
102
844
383
601
195
70
287
759
113
360
103
157
594
106
671
588
132
158
160
587
161
67
160
126
79
93
407
401
155
787
614
786
842
734
493
154
760
85
78
117
401
174
195
607
490
70
506
705
157
141
99
591
1216
798
198
836
70
585
758
588
596
114
158
84
78
379
834
70
595
29
186
1250
505
88
581
81
490
29
440
792
97
278
816
616
869
73
360
757
506
787
587
570
498
85
71
1045
187
844
71
157
276
108
200
585
493
284
192
277
80
163
506
68
778
606
806
802
859
106
766
269
83
356
580
162
729
793
605
157
117
614
841
162
607
261
606
497
179
104
73
86
764
87
360
261
764
818
816
815
659
403
818
566
802
581
806
383
592
28
67
780
614
1216
195
590
495
278
277
197
496
492
1250
179
357
836
1250
802
274
116
163
494
