2049
11
17
2663
22
1344
2036
1030
1034
41
1961
91
48
1935
870
1936
1
85
252
41
1970
2146
28
347
863
2094
176
183
40
1344
2078
1233
995
2081
2076
355
1434
2049
33
19
1773
1676
2043
183
1961
1452
91
1983
1933
242
875
2065
1989
176
1965
1989
1008
96
88
749
1568
348
235
2043
1933
10
84
222
873
1003
26
1021
2065
250
31
1003
1217
235
1989
67
1957
1039
12
119
48
2077
1036
1212
864
33
1169
221
220
252
2154
252
245
2025
1940
878
2036
241
48
40
2043
1957
870
5
1970
1773
221
17
67
44
172
1433
2086
257
16
1212
1045
1430
875
1008
356
2012
1976
87
16
2029
3153
867
1983
1920
233
1826
1970
995
1036
174
221
349
1983
1430
351
247
21
85
2049
11
756
11
1563
13
33
1045
1449
2014
1931
873
1430
2154
20
182
93
245
85
863
2154
867
1939
1461
878
2012
40
183
86
17
1430
1039
2029
87
349
1999
1942
227
237
878
223
348
1046
2620
1967
40
21
1344
1029
1030
1430
233
756
1965
870
1461
2008
2025
749
1939
227
37
1940
2086
1034
2014
2137
232
20
1039
59
233
52
2146
1029
2154
2146
3526
85
2094
188
119
2000
16
1039
181
2162
1582
67
870
804
221
355
1976
1
2154
2065
1950
1291
1964
55
1933
172
10
239
2094
232
996
1933
12
1018
49
31
1433
1021
32
13
1212
2086
238
2549
31
245
878
1676
2041
19
5
57
348
181
26
1
347
2071
3526
1432
2078
612
17
84
1430
247
172
44
1013
2620
995
188
1044
2076
6
1039
181
191
170
876
37
2036
1670
1947
59
179
876
1021
1008
1217
98
1957
1932
33
19
2041
864
2607
2663
804
1670
241
222
68
1045
2014
1291
91
2663
13
174
1983
2549
870
1233
220
60
2607
1999
252
1217
1937
241
1909
249
1932
239
2025
2746
65
1670
348
3526
181
1034
878
28
241
2912
65
351
1434
26
867
2036
1933
878
32
1676
249
46
2094
55
19
2620
2054
1676
243
24
237
3153
237
1012
1
1443
33
1989
867
2063
1999
1036
1937
24
91
1433
1039
1957
1963
2077
2549
1034
52
96
179
1933
870
1030
55
14
1442
255
1570
2094
2549
14
1676
16
257
2014
2154
1045
1920
2170
870
804
41
1021
868
2049
234
1008
233
63
17
1012
2549
1034
1045
878
1233
174
250
90
11
1964
255
756
1676
1940
2054
22
16
95
182
1983
1563
451
63
2063
1964
221
1582
90
169
44
55
2170
1046
2911
1461
1039
1976
871
451
1957
232
176
2077
358
176
32
31
1970
236
222
63
24
2663
2065
20
1947
170
252
176
864
