219
219
241
178
686
340
172
329
236
327
329
514
219
335
192
607
449
294
514
294
275
205
295
401
273
381
327
138
277
290
228
587
88
407
231
178
329
381
92
265
455
264
154
126
212
262
333
288
192
381
178
300
452
278
608
590
363
219
88
334
300
274
212
587
340
126
59
235
231
233
126
205
13
401
244
334
648
590
368
300
265
455
334
235
182
303
330
334
443
88
88
178
546
363
686
333
260
233
385
362
344
449
507
263
273
381
275
339
332
500
310
342
643
182
228
300
341
349
14
608
56
58
268
838
327
231
15
344
261
587
145
332
288
277
368
348
92
51
266
295
202
332
268
192
332
292
88
310
407
349
299
13
443
362
166
294
287
139
276
300
305
15
384
214
239
236
547
349
231
202
294
139
172
205
294
466
15
239
310
507
549
507
401
269
455
547
56
547
368
263
259
407
514
287
269
425
349
154
546
332
294
333
342
231
425
271
328
349
116
510
546
80
212
202
125
178
335
648
333
279
182
425
290
348
349
339
59
125
271
228
4
294
443
326
342
162
125
159
279
339
228
534
326
192
275
234
3
261
261
292
92
217
59
239
385
154
265
303
295
192
261
364
94
263
401
219
124
368
310
500
385
88
56
547
13
297
166
386
500
328
263
347
514
300
384
94
341
139
590
56
126
241
381
299
265
182
587
264
288
214
386
3
234
326
407
4
338
299
401
534
510
341
335
407
344
328
292
348
58
328
587
407
275
205
686
546
838
335
275
212
278
145
192
3
547
510
333
299
268
235
341
424
384
244
643
259
401
424
407
154
288
278
125
214
643
299
124
172
452
13
455
328
124
290
276
217
235
192
335
172
334
401
347
259
14
265
381
166
452
334
88
111
13
511
476
608
332
276
217
229
241
386
328
275
838
332
202
334
182
233
496
88
162
496
290
643
348
407
138
277
219
549
384
533
333
342
297
282
275
347
266
239
348
507
162
14
496
214
294
310
260
139
154
231
92
341
264
274
154
294
217
217
145
260
547
124
425
235
607
202
139
273
496
362
339
335
126
590
236
13
332
219
305
290
344
56
344
178
172
3
424
287
443
452
500
547
300
363
278
381
607
178
278
3
212
205
334
56
546
233
236
13
244
172
385
278
368
3
13
56
