100
95
243
129
132
246
27
100
246
131
129
246
246
12
11
246
132
27
27
131
90
12
13
100
12
11
243
12
243
12
100
100
246
13
41
41
12
90
27
95
183
183
11
12
131
13
41
95
95
183
132
41
27
100
27
183
90
27
131
13
14
90
11
41
41
13
12
95
41
27
11
13
41
90
183
11
41
131
243
100
243
13
14
129
41
129
11
14
131
100
100
132
13
95
13
27
13
12
41
131
11
131
27
246
11
132
131
243
183
90
12
129
131
243
13
246
129
246
132
129
131
90
90
95
183
90
129
100
41
90
11
41
12
132
14
12
12
183
11
243
27
41
243
131
90
131
13
90
95
27
14
41
243
90
14
183
13
11
129
183
41
90
12
13
12
243
129
14
129
243
100
12
95
132
41
243
243
183
183
132
132
100
13
129
12
129
11
12
246
11
27
100
90
27
11
183
100
11
129
13
131
95
27
131
132
131
12
90
90
183
13
27
13
27
132
132
14
12
14
95
27
90
13
13
12
129
132
183
14
95
183
246
246
95
183
243
27
90
13
13
132
131
131
131
13
41
100
13
183
41
41
27
243
100
243
100
131
246
95
12
27
41
129
131
12
11
129
100
129
129
131
90
11
132
12
129
243
246
183
13
129
100
100
14
13
90
90
41
27
246
129
90
243
13
12
41
41
129
183
183
13
183
183
41
131
132
11
27
13
12
243
90
183
129
11
246
246
243
243
246
13
246
100
27
41
243
12
100
183
13
95
183
243
11
100
243
246
100
11
129
90
41
12
27
246
41
12
27
100
100
183
243
13
131
90
13
13
246
41
41
27
13
129
131
132
100
129
27
14
132
100
243
14
90
246
11
246
100
13
183
41
129
41
246
13
246
90
90
183
12
132
132
131
41
95
90
14
246
246
131
13
95
100
41
12
95
14
243
27
90
11
183
95
90
14
100
90
95
13
12
246
90
41
183
27
12
12
12
243
243
12
100
246
132
13
12
13
90
41
132
183
95
41
41
27
41
131
41
90
132
90
132
95
131
183
13
95
13
246
131
100
12
11
246
183
13
100
183
41
129
41
131
95
14
13
11
100
41
132
95
14
100
183
12
11
90
243
95
132
129
90
12
100
11
13
129
13
129
14
14
