47
5
225
71
60
48
6
53
151
47
22
5
68
5
22
2
151
63
47
2
71
60
22
47
47
63
47
225
170
71
68
48
68
65
53
63
225
170
48
6
6
6
53
225
225
48
48
71
48
2
65
71
6
5
65
68
225
71
63
2
65
5
5
5
22
6
48
60
48
53
68
63
5
60
48
170
225
60
151
22
170
5
170
5
151
60
48
151
65
2
53
60
2
5
65
60
5
53
6
68
151
6
53
2
5
71
22
225
22
170
63
65
151
225
65
65
170
47
60
6
6
60
47
60
48
5
68
48
53
151
6
68
60
22
60
47
48
225
6
48
65
48
53
65
68
22
22
22
60
60
65
68
65
170
48
2
151
53
22
225
151
5
170
47
225
53
22
151
48
5
71
2
47
22
65
225
2
47
53
65
53
170
48
60
65
170
2
170
6
53
151
5
53
63
47
71
6
170
68
22
60
225
63
6
68
22
53
151
170
5
22
225
65
2
68
60
22
63
60
65
170
47
6
2
71
60
6
48
225
2
5
65
48
53
60
63
22
2
63
5
48
47
65
53
68
151
60
53
151
5
48
6
47
60
151
5
65
53
60
22
60
22
5
22
48
63
6
151
48
68
63
6
65
6
53
47
22
5
60
68
225
48
225
47
5
6
68
53
2
65
68
2
170
53
2
47
5
53
151
22
48
225
68
68
65
63
22
53
71
71
2
2
170
6
60
71
6
2
60
225
151
71
170
60
151
53
68
6
22
53
225
5
170
5
65
47
22
48
151
225
151
47
5
60
47
63
60
71
65
6
2
47
71
53
53
151
48
63
48
2
48
6
5
5
71
225
53
63
5
5
48
48
60
170
53
60
71
47
2
5
60
225
48
48
225
53
71
151
22
5
2
68
2
48
170
22
63
225
65
65
2
60
48
68
22
53
170
63
225
71
225
225
47
6
65
48
6
53
225
5
63
22
5
71
65
225
22
2
151
6
170
47
151
225
53
71
2
2
6
170
48
53
48
53
60
170
48
22
5
170
71
65
170
65
63
2
68
6
151
225
5
2
6
71
63
68
63
48
225
48
65
225
68
63
68
6
170
63
63
48
68
170
60
170
71
48
60
6
151
5
6
170
60
60
5
63
65
53
22
48
