27
123
213
2
2
89
233
1
34
103
213
123
34
213
121
233
125
34
4
34
121
27
233
2
1
233
4
103
123
2
125
2
223
1
141
27
223
103
103
141
121
50
2
1
89
27
27
50
89
1
223
213
121
2
121
4
103
141
123
4
1
2
213
125
2
27
27
1
123
213
123
223
4
123
213
141
1
1
223
27
121
1
121
121
4
4
1
2
125
27
50
233
103
34
223
125
121
89
213
121
4
1
121
213
2
4
123
50
103
123
4
4
213
233
121
223
223
233
121
89
125
2
223
4
125
141
213
4
34
213
223
123
103
1
125
213
121
4
123
2
123
2
2
27
4
89
141
50
103
1
27
233
121
125
141
213
213
2
125
121
125
141
4
1
4
125
213
2
4
34
4
34
223
123
125
141
121
141
103
4
121
50
50
233
50
223
27
50
141
121
123
223
27
141
233
27
2
1
121
141
233
121
103
233
125
2
125
123
103
125
1
50
89
27
233
123
1
1
27
34
4
125
233
89
213
233
233
2
34
123
27
123
103
103
103
4
34
233
1
233
223
121
50
1
50
2
141
125
141
89
34
50
4
223
27
223
1
223
34
4
89
1
1
123
2
123
213
233
141
27
2
141
89
233
4
4
233
34
233
2
125
1
34
121
233
125
4
123
4
4
121
125
89
213
125
213
123
123
34
213
27
103
4
223
233
123
34
125
2
121
27
125
27
34
103
50
27
4
213
233
121
141
233
89
141
223
34
103
141
4
103
223
123
2
121
123
121
4
223
4
103
1
233
213
27
1
27
4
223
89
1
125
123
233
89
1
141
27
50
103
103
89
223
2
34
50
27
27
27
213
50
50
213
2
103
103
141
27
103
103
103
213
27
34
125
2
233
223
27
223
125
125
1
89
4
141
27
89
141
50
125
223
50
4
34
89
27
223
233
123
121
4
103
123
213
213
233
4
233
233
233
125
141
141
2
233
34
223
27
223
34
103
233
2
141
50
223
121
27
89
27
50
1
125
1
121
4
34
233
223
2
1
213
50
1
50
34
89
27
27
125
121
50
233
123
34
103
27
34
4
89
1
213
141
50
141
89
103
34
125
213
123
233
121
223
121
223
50
233
213
27
2
50
34
2
223
34
213
4
50
