8
4
1
35
36
4
8
36
36
0
40
40
0
4
1
36
1
35
40
8
4
40
1
4
36
0
0
36
4
0
36
8
4
1
4
36
35
1
8
8
8
1
8
40
0
4
35
4
40
36
4
35
8
35
0
35
1
8
35
40
4
36
8
0
4
4
40
0
35
4
40
1
0
4
0
4
40
36
35
36
40
36
1
36
4
0
35
1
4
40
8
1
40
40
0
35
36
40
1
40
4
1
0
35
8
36
35
35
36
0
4
4
0
35
4
35
0
40
1
0
40
4
1
4
4
4
8
1
1
1
36
35
1
4
4
0
0
4
36
4
40
0
1
4
8
40
40
4
40
1
1
1
1
1
4
36
36
8
40
35
0
40
40
8
1
0
40
40
1
1
36
4
4
35
4
36
8
8
4
4
40
1
35
4
4
40
35
8
40
8
1
4
40
0
40
35
4
0
1
0
35
36
36
0
4
36
8
40
8
4
36
8
40
4
36
4
40
35
35
36
40
8
35
40
35
4
40
1
40
35
0
35
35
36
1
1
4
36
8
0
1
1
8
4
4
35
40
1
0
4
