44
70
46
97
20
85
137
100
106
81
97
180
86
30
83
78
76
79
137
83
46
91
30
137
22
92
178
80
197
23
131
56
30
23
131
110
110
189
91
54
18
25
197
46
83
132
92
25
87
103
21
100
275
24
131
25
54
25
178
87
113
108
131
180
90
275
77
18
132
97
119
54
84
44
221
79
189
73
70
103
87
178
23
79
77
54
6
106
197
18
97
22
43
90
44
94
60
99
94
197
60
22
77
18
82
83
99
20
87
108
86
85
73
107
84
85
137
88
92
97
197
20
56
86
113
110
91
94
103
92
83
18
97
119
106
97
46
30
58
131
56
197
83
24
74
77
70
392
30
56
107
54
137
46
100
21
137
100
221
77
84
46
106
80
107
180
90
131
275
44
95
78
42
60
72
110
92
78
80
54
6
392
197
21
44
6
25
137
54
275
76
86
6
91
82
110
77
106
22
42
108
72
46
103
54
43
6
197
108
76
21
137
96
24
18
103
18
82
92
43
23
131
78
60
113
82
131
97
44
25
97
90
54
82
78
113
18
86
44
23
100
23
99
110
18
54
77
30
87
21
94
77
92
81
221
180
25
21
100
24
25
96
77
97
30
100
18
70
82
110
56
275
86
81
42
82
56
107
87
119
20
113
97
110
80
189
275
113
21
43
84
80
113
97
18
6
58
24
392
108
95
197
18
81
73
21
84
86
137
96
221
107
78
84
132
43
221
85
107
103
86
25
180
119
95
25
25
81
42
73
90
60
197
100
6
86
56
91
178
113
76
90
78
113
30
275
100
46
60
25
82
24
100
96
77
54
21
189
96
70
84
56
132
85
21
137
180
23
96
100
88
113
84
94
108
20
88
83
189
79
91
20
25
137
97
22
76
58
99
60
21
392
78
197
92
76
82
43
96
25
90
96
21
87
78
94
74
132
95
18
46
79
22
84
60
75
95
58
74
90
119
92
83
54
82
132
178
110
21
95
189
95
392
74
275
58
180
106
79
79
25
132
70
42
74
81
96
90
73
110
275
75
70
90
113
137
96
24
106
178
43
92
137
137
58
58
42
58
92
78
103
73
86
23
30
24
58
94
178
22
275
197
86
6
110
82
189
84
99
76
131
86
20
80
275
25
189
20
108
20
