108
138
30
45
31
33
49
108
45
107
8
33
46
29
109
27
33
27
34
29
138
127
109
30
27
107
12
107
12
31
30
127
49
30
107
46
108
30
27
108
46
49
46
33
30
138
70
27
46
12
46
31
45
34
107
127
108
45
49
29
34
8
12
34
138
49
109
34
108
12
30
107
7
33
7
108
27
34
8
49
108
6
108
31
108
34
34
31
27
98
6
70
107
8
46
108
30
45
6
108
49
49
109
49
107
33
46
31
45
8
27
6
45
109
30
49
109
107
45
138
109
109
33
8
8
108
34
109
46
49
107
12
127
98
31
108
33
49
8
12
49
109
30
45
7
46
138
46
127
70
70
34
12
49
29
108
7
109
108
12
27
138
49
98
138
46
8
34
6
34
33
127
108
98
7
49
33
46
107
108
27
107
109
49
7
29
46
27
70
8
7
7
49
31
7
27
45
8
6
33
12
6
34
30
30
34
8
31
31
8
45
31
12
107
12
12
138
31
31
12
29
109
7
46
27
8
27
33
46
98
108
27
138
34
70
29
8
109
45
7
27
27
30
29
6
70
12
46
30
34
