25
138
309
65
258
25
590
229
394
110
29
156
421
309
22
200
36
66
28
160
121
90
89
471
313
272
493
224
65
421
79
224
158
112
280
160
35
22
89
22
118
110
192
277
29
258
493
478
29
58
192
200
491
157
37
91
232
125
229
130
16
18
235
86
119
311
167
24
42
272
32
121
92
30
27
37
20
76
164
111
309
493
125
41
111
110
121
586
708
164
310
133
422
84
280
586
28
78
89
83
491
395
164
167
58
192
693
125
165
225
470
319
79
225
319
38
582
319
156
49
58
130
47
491
156
318
76
156
37
273
43
229
395
110
470
19
201
316
36
194
91
577
91
225
587
91
110
580
24
120
38
79
307
310
112
201
110
582
135
313
273
229
160
314
130
224
587
83
590
28
25
118
19
274
470
36
449
28
449
586
272
225
19
295
449
25
32
156
582
493
318
316
93
587
586
582
421
167
23
83
377
18
47
42
30
221
395
87
80
314
167
222
7
76
577
86
112
295
586
7
80
470
91
305
152
20
319
314
273
66
16
119
395
318
708
313
118
25
84
316
166
309
110
222
232
313
165
421
295
21
237
111
219
395
273
111
394
421
83
471
219
225
237
119
79
27
272
90
167
470
41
84
219
310
157
421
156
89
164
157
225
708
118
86
76
311
38
19
80
311
36
580
577
35
580
43
167
78
580
88
167
310
66
17
7
27
29
37
25
20
37
28
157
449
125
590
112
24
222
309
258
66
47
24
111
224
421
121
112
273
586
133
470
225
30
158
200
156
316
590
21
316
693
235
30
164
65
27
90
273
17
223
449
278
49
47
90
470
422
125
166
134
23
17
305
224
157
295
310
158
120
273
30
47
192
156
23
84
95
66
16
225
92
470
87
201
7
478
167
17
23
164
83
49
164
30
224
311
319
86
491
192
305
236
236
27
35
493
32
223
280
86
130
222
318
201
309
135
192
41
47
274
278
236
314
43
21
235
377
470
491
49
421
29
21
586
224
27
87
47
138
130
232
272
35
277
587
273
225
30
42
160
316
166
135
587
708
590
89
27
192
152
135
313
78
120
28
24
42
305
310
130
471
305
42
30
395
41
112
25
93
219
491
258
17
23
229
394
24
80
309
223
20
25
119
47
158
493
120
310
