669
122
13
44
844
19
839
193
93
326
771
17
182
829
318
485
132
669
441
20
35
172
836
172
817
18
160
36
847
1225
318
379
23
811
92
671
132
20
771
862
240
321
189
915
322
197
373
33
35
373
239
30
193
202
563
597
862
837
194
20
7
92
165
837
829
862
651
842
793
197
44
900
367
19
95
1228
459
714
209
867
122
36
207
867
862
597
829
34
645
669
241
837
242
125
321
853
161
159
111
91
160
165
657
18
245
28
655
167
185
372
32
838
245
227
209
34
458
33
1098
126
841
185
1
650
36
1006
840
113
380
18
372
251
25
91
6
838
230
309
118
193
120
1243
793
243
838
13
264
1228
23
457
6
38
221
112
848
268
188
817
215
853
779
380
827
40
669
651
865
106
215
248
842
839
714
669
842
838
22
254
384
17
650
207
393
193
309
162
30
597
18
367
771
842
817
91
1098
401
367
642
1225
167
209
264
230
393
113
94
457
651
820
8
660
322
645
165
257
92
841
835
6
457
33
441
590
598
811
516
23
207
821
106
326
182
642
520
1016
182
32
117
842
173
1006
318
221
227
105
241
670
651
38
132
241
516
194
6
587
32
241
376
641
900
385
185
448
5
33
111
122
915
257
848
242
239
884
384
714
520
660
520
844
94
853
309
8
1006
197
373
31
590
838
202
120
189
441
835
39
5
172
372
245
117
160
123
1
389
1016
18
887
646
442
835
227
642
714
442
657
624
520
829
117
326
884
587
38
442
264
34
39
120
92
587
7
657
838
326
97
29
8
189
127
324
126
442
194
172
160
650
39
1098
590
840
816
816
841
248
20
25
128
113
164
18
840
642
30
31
111
1005
173
123
21
242
215
171
817
40
657
811
458
322
172
112
248
245
38
245
36
915
189
105
842
188
160
641
1
105
827
251
793
838
646
670
829
28
367
853
655
91
241
645
834
95
105
38
36
459
243
25
384
132
105
458
326
384
28
1098
624
821
321
159
839
160
28
846
458
816
598
246
520
865
823
167
485
30
393
171
112
811
641
209
651
94
660
1016
240
624
650
30
241
173
867
597
246
4
669
202
111
597
172
242
19
36
254
1243
671
837
324
651
309
126
829
689
842
39
193
641
868
1006
2
159
209
36
30
318
28
598
842
520
193
91
837
215
2
318
458
25
368
884
835
814
660
268
384
245
900
12
1243
900
714
186
25
97
36
28
189
106
29
34
509
246
823
865
867
671
485
14
840
126
1098
242
842
11
215
251
120
161
847
372
12
1098
848
847
666
1006
128
811
39
379
793
21
35
393
182
182
159
159
122
862
159
17
670
164
38
868
257
160
624
20
35
25
457
132
671
837
171
372
587
393
13
448
821
598
645
245
194
1225
127
4
128
827
835
645
240
189
868
35
18
367
829
834
642
182
847
2
248
1
650
25
458
122
820
842
862
660
670
847
28
322
91
187
645
191
246
779
1228
246
590
111
714
850
689
39
171
862
221
689
29
248
779
1016
21
240
164
268
264
246
12
241
123
655
251
242
657
20
14
393
442
36
886
11
590
171
202
829
30
868
20
18
127
1228
185
645
22
324
669
441
841
194
384
324
38
186
886
853
835
193
834
318
31
847
29
27
113
97
666
373
171
900
645
322
35
32
257
771
173
671
105
309
26
389
93
318
44
1016
111
182
669
8
95
837
35
21
23
1005
598
28
112
814
597
510
257
268
26
22
844
509
8
380
784
838
197
11
458
516
182
240
829
379
113
887
94
187
834
829
886
122
31
844
865
458
111
485
171
227
660
209
251
836
268
771
117
771
448
322
245
839
230
642
2
189
182
194
186
193
19
173
324
641
180
865
39
666
94
245
189
240
847
207
641
811
516
585
221
35
651
840
6
520
95
164
886
94
590
516
380
93
646
159
827
40
25
376
326
651
240
847
2
379
243
457
847
1225
40
118
194
373
22
846
23
26
26
19
127
264
242
248
164
811
836
853
771
598
590
367
106
844
120
189
92
241
97
376
38
384
671
11
385
714
191
106
887
183
36
23
670
376
793
162
887
197
36
448
597
160
251
865
886
40
180
318
324
671
1
459
209
836
509
457
1225
848
853
26
835
848
21
651
193
173
122
239
1228
19
834
1098
160
38
8
309
827
257
127
401
510
820
373
242
188
385
846
401
173
105
120
173
847
884
587
840
127
516
379
865
823
848
36
7
900
5
816
33
848
215
827
209
21
714
94
660
127
624
458
670
33
816
814
1098
641
191
189
13
1006
510
194
367
38
264
838
1225
132
268
820
887
242
164
379
97
171
848
771
28
817
829
