246
913
2073
2078
2879
2070
399
245
914
156
1701
1839
870
529
921
2073
2506
2249
881
913
352
2879
1839
2047
370
320
597
881
922
318
1298
309
915
1243
916
1249
1240
1249
1298
915
935
361
913
61
1167
2047
869
1240
2856
2132
320
869
1139
321
156
1932
1269
1230
2875
1167
1247
1165
2047
320
246
2064
109
915
2507
2890
1269
53
65
922
2340
405
2829
66
1019
361
1701
2165
246
321
881
916
2076
1436
2095
1277
1932
914
2894
361
245
2507
916
957
914
2078
913
861
1277
1173
370
2506
2064
127
361
1247
2098
2829
2857
2315
870
1166
109
360
529
156
2856
233
2165
361
357
109
399
2095
976
740
320
405
2890
1240
2067
740
309
1166
2076
1173
1173
357
1269
2131
1229
65
399
2506
1269
870
922
2066
1139
957
1019
2693
2146
2693
2067
881
2856
2047
2068
1246
2073
245
2129
2340
2146
2857
2693
763
1165
2857
65
1298
2249
352
2249
1246
1230
1019
2693
3032
2095
360
405
357
53
2693
127
2132
2507
357
2165
2076
917
740
2078
881
2165
911
2893
2890
1839
245
65
2076
65
2132
2047
2894
320
2894
1839
861
2875
353
2129
321
916
597
2067
1019
1436
109
2095
922
233
357
935
357
2073
127
597
2507
2047
319
2507
399
976
2047
246
2129
881
870
529
1243
370
917
399
2829
2693
2070
2076
370
2879
2066
2129
2507
922
1298
1249
360
911
763
1247
2066
1166
2506
245
53
1436
360
763
361
1701
361
2315
2829
399
326
881
1240
2894
353
2064
861
1166
2875
66
1230
1240
870
2879
326
1229
2856
877
53
65
2507
2693
127
1019
2047
3032
1173
370
353
976
1839
1298
1243
2047
2073
1245
2131
881
2131
2829
1277
2129
320
2079
2067
1245
2507
246
1229
246
1436
65
353
1165
357
913
922
1932
1238
682
352
66
1249
320
2829
318
320
1230
917
65
233
740
2066
2894
1436
1277
2068
360
1269
1701
914
935
1247
1246
1932
913
922
2064
2131
2146
1932
1019
320
360
319
2893
921
1173
2064
2132
869
61
65
326
881
922
2146
352
156
2095
2070
1229
915
156
915
1166
2146
246
1298
976
2131
881
53
740
1298
353
2879
1247
109
1230
53
935
309
1269
921
2068
913
245
318
2315
1839
2893
309
740
2893
1269
1298
2073
917
2073
309
974
1139
2340
1436
529
127
2131
1298
2890
2068
1240
1701
917
1932
2856
1139
53
2693
922
2340
318
2095
1249
1167
53
2146
1167
2857
2249
233
246
2879
1932
1247
917
913
2165
2098
2064
2095
1243
233
320
2340
1019
2894
370
2340
1246
1247
861
2315
1230
2047
2079
1165
320
318
2249
2693
53
2875
1701
597
66
1701
2131
326
1173
1167
877
61
740
309
1139
1277
2066
2098
1246
1839
309
1701
127
1932
3032
2073
1269
2079
911
1238
913
370
2165
1243
1298
1166
911
1277
352
360
861
1436
1932
353
921
1932
66
976
2132
2064
1249
1245
1249
2693
2047
1240
916
2073
2893
370
1245
1245
740
597
357
65
2067
2078
2131
1139
2131
1166
246
913
921
321
529
1245
320
881
360
2146
916
156
53
2047
877
2095
2315
321
1269
2067
1229
66
320
245
1298
65
2131
2249
2095
2129
1932
1019
2132
66
877
2131
957
1269
2066
2249
1238
911
360
2146
2507
974
320
861
861
321
1019
2829
321
2340
2894
915
1701
321
597
881
2507
2875
370
321
1298
1245
53
61
318
156
2095
881
156
740
2095
399
1249
245
1701
1436
321
1019
2070
861
2146
2894
233
357
916
529
233
1229
352
1247
763
2132
869
319
2129
309
974
1240
881
2047
61
1701
2875
2856
2070
1167
2894
911
2132
318
881
2875
1139
911
763
65
911
156
353
309
2890
65
1436
245
1839
2829
326
2165
357
2078
2165
2875
357
682
353
922
233
2070
877
1238
2079
2095
156
2146
2064
2047
2066
309
861
1173
2856
320
861
597
405
156
309
1139
2165
1229
2340
245
1243
957
318
65
2070
245
326
360
1166
740
2067
1277
2129
916
360
2829
2146
2098
1240
2131
1229
2829
2079
1019
529
2079
914
309
881
2856
881
1298
1139
2095
1277
1139
922
1249
1269
233
370
911
361
2506
1240
1298
3032
2875
914
2064
870
1165
318
3032
246
935
2047
370
370
1165
913
1165
1229
1165
2066
597
53
2098
1436
127
976
2073
246
61
2829
2095
399
869
399
1839
357
2894
1701
2875
2875
1701
682
321
3032
2073
1019
357
1167
1277
2132
127
2894
2066
877
921
1230
1240
921
245
2076
597
2893
2098
740
957
309
109
976
318
881
1139
246
913
326
922
320
370
2098
1269
1839
2856
911
921
353
156
911
2132
53
2047
2340
318
935
321
1245
529
2856
399
2073
233
233
877
2893
2098
361
2070
917
1173
1249
319
2879
2067
2875
914
352
1249
245
2879
1229
2070
156
2507
861
2875
1269
2067
1247
2249
2076
2079
61
2315
529
1139
1701
1165
2893
1243
3032
2506
1230
233
318
399
1246
127
1246
935
233
353
1701
2829
763
2070
1701
935
2132
2340
1243
914
2893
976
245
361
957
2165
109
913
2507
2129
2066
1839
1165
357
870
319
740
915
2507
1932
1139
65
2165
405
405
1243
1166
3032
2829
2131
2132
1230
1839
156
974
405
529
922
156
353
2507
2066
361
913
1230
2066
740
245
2066
2894
1229
861
66
1167
2875
405
869
1166
2066
2857
915
321
360
2875
61
2131
