2155
2643
1205
860
1080
930
1733
1189
169
400
266
929
650
130
11
528
1443
1488
1042
113
1085
531
1575
1739
1158
1865
508
623
169
486
1609
1584
1487
167
2140
1915
2368
979
1921
1686
1497
926
58
404
3639
2999
552
1182
281
2036
1250
928
1713
477
314
425
477
2086
9
108
1013
1629
1708
509
857
1612
1964
141
1172
334
1805
491
1037
2150
2264
316
1511
1834
769
1707
381
1395
1842
1971
1300
1250
49
405
1300
1612
124
1615
854
1066
1905
763
925
762
1950
1869
55
1193
1250
2921
878
1158
1584
1238
452
38
367
491
125
2140
1027
230
1195
331
1674
581
215
2808
2209
716
999
671
1333
364
168
1310
141
2612
1043
547
3055
2093
1422
1158
686
736
51
1643
833
4
1068
1920
257
814
785
269
405
721
2261
1214
318
430
129
1333
130
613
982
173
1726
1443
1714
1068
556
926
288
2320
1624
250
469
1182
996
39
610
1002
1462
2430
419
2013
1171
499
63
959
1580
1490
1071
663
3200
167
1877
506
3075
411
1284
255
1705
1225
157
327
108
959
465
779
716
771
492
629
929
1287
122
597
173
1590
1406
1739
380
333
1280
107
1052
2808
1490
867
2418
1780
978
1921
2426
999
1497
3016
1485
1282
1805
1093
190
1412
2225
555
506
1220
2999
422
412
2198
1347
231
1416
1877
129
830
762
1124
176
882
1093
565
1412
857
1909
138
1962
1686
208
1971
1189
2263
404
1176
814
2045
1868
1201
315
1214
2209
1834
520
1657
1134
531
2082
1184
2167
430
1162
1348
3296
465
425
520
1211
513
1674
1347
1310
1415
618
649
1650
1577
840
874
2263
762
1655
1921
1392
2086
1190
2241
1087
14
746
1657
767
1402
89
1188
169
1816
1276
314
1346
259
1130
1203
1209
2511
2486
423
231
326
1883
163
365
333
148
2003
1172
1905
1384
159
772
1176
3075
1280
316
563
1751
313
2203
531
728
1090
281
285
1584
2361
1141
721
90
231
2167
231
481
16
2368
255
1164
1085
114
1250
2465
2258
925
1481
1607
1037
315
661
428
195
1075
301
1397
288
157
2291
2903
1805
1218
924
1395
798
1643
1172
831
721
1310
55
62
1196
1002
1545
2263
2071
130
1085
837
1348
3157
1950
2013
2209
1496
266
1814
978
1056
584
3296
773
1908
1188
171
926
192
642
2209
1865
701
39
1203
2921
1915
1740
1390
549
991
531
258
2045
2122
2808
832
93
1167
979
1575
1607
1335
3200
1411
1052
1575
300
57
2486
1511
2209
167
1043
1071
163
867
853
1208
428
1043
1712
1390
1398
1739
923
1215
1084
288
139
594
1657
1819
1577
124
543
930
1447
1612
2159
1133
422
1826
2126
2082
341
1422
94
1276
2086
48
1247
231
185
1462
367
1
1222
400
58
251
364
688
257
1798
612
94
2023
315
582
1572
1423
76
1013
1071
536
477
1713
1603
365
573
1037
63
334
1607
701
92
1225
773
1499
1805
999
1411
1580
2041
1819
735
259
650
1184
1056
2125
1224
1545
996
3075
991
318
320
1572
1079
466
1067
521
285
1186
2511
1299
716
848
1245
1090
1909
1606
2361
1096
1705
1297
651
2643
996
1686
501
2661
58
39
1346
341
923
1157
2081
327
2838
1462
11
874
1545
1205
2052
159
11
2003
141
1172
1684
2023
638
1869
1511
1182
1629
1064
1926
1739
304
73
488
304
1609
86
621
1883
884
2045
688
2253
492
1962
400
1066
879
2347
1726
1434
175
303
2921
298
1280
496
1572
1348
333
151
4
763
1220
1753
2731
2612
2801
923
133
1037
649
214
1751
556
162
1086
404
1236
1416
1452
1437
1084
2160
2511
256
76
2084
1137
1877
1844
157
982
1122
124
306
1434
303
924
1171
1300
1921
1218
1137
15
2198
159
1190
3055
1347
1224
509
753
54
1066
1714
3016
2163
378
1087
996
1207
1036
1962
1205
141
1423
1053
1071
746
613
1798
109
1410
1686
215
860
109
1094
164
54
122
318
1347
2159
1086
610
1415
460
199
853
173
1865
1282
3055
2291
1629
1590
477
2163
458
1655
1053
1163
1503
2159
520
1130
1392
772
1804
1497
214
459
1279
2418
76
2054
907
565
2421
1490
1284
331
1575
526
333
494
581
1214
2198
2465
511
935
365
1359
156
2081
70
61
1887
477
2347
584
49
383
2291
1346
1632
1299
383
931
332
531
55
948
861
1104
874
1038
69
1209
2260
159
452
38
996
1657
978
926
283
618
1310
1178
377
176
620
192
860
857
996
1384
1207
1096
993
1826
314
2465
479
884
1571
246
1211
196
1064
1282
300
251
130
552
1066
1503
522
300
2140
246
38
1250
1395
1425
1571
2086
602
1877
2266
1913
114
4
1042
38
1629
1042
332
1220
371
129
905
196
1371
1434
468
979
533
255
1423
1915
256
178
837
1302
1071
57
158
94
873
1487
92
1192
206
1650
54
332
258
1684
2003
511
612
1195
328
2347
420
376
853
419
642
2801
1950
935
948
1188
1410
1166
1708
3200
1172
1956
1415
771
1921
1124
419
736
2999
878
1171
1202
520
69
15
650
840
881
612
1686
1300
1247
2597
476
1726
2041
1414
1345
1655
983
1193
1606
520
15
168
109
131
130
2808
2140
93
905
157
506
1195
1080
1135
1182
530
1208
295
2411
2167
318
2093
124
266
1094
1726
1094
959
1740
2253
2117
1816
492
951
415
303
930
331
2084
55
379
303
921
1798
597
1836
491
1173
