1104
4883
9313
6976
7474
8482
9682
3781
9568
9849
9048
8901
9851
9097
9670
9088
9785
9090
8205
3679
9545
9110
9975
9241
8834
9814
9586
9330
9589
9896
8324
5743
5422
6971
3863
7882
9955
8515
8263
9923
9051
7238
9161
8570
9683
9561
9378
5966
9407
9309
9656
9585
8951
9901
8733
8391
7474
6002
9429
6637
8812
9528
9969
8469
8268
9849
9595
8688
9678
9300
8704
8470
8676
7429
7582
8354
9114
9947
9915
9872
6267
3568
8834
9770
9567
8792
8022
8545
8509
9715
7047
6267
7713
9594
4162
8490
9514
5561
9349
9021
8848
9709
4999
8897
8988
7777
9042
9585
4231
9785
9015
9458
9801
8390
8212
4354
8513
7238
9165
9838
4864
9149
7389
6966
8942
5357
9357
7527
4810
5592
7704
8330
9490
5021
9360
3865
4616
8022
9634
9992
9239
4216
9752
8541
4497
9278
8868
9478
3390
8043
9601
9333
8370
8084
9748
8876
9512
8472
9331
7510
9810
9380
7839
7750
9295
9964
5043
9138
4354
9017
6947
7858
8494
8876
9957
8473
9935
5803
9489
9741
8418
7036
9620
9636
7238
9261
9968
8765
9005
9489
9005
9088
9504
8933
9421
9455
8298
8542
9293
8988
8274
9267
8967
9288
9140
9444
8764
9919
6182
9929
9853
5474
8322
3875
9424
8809
8768
9104
9125
8457
1254
7490
4900
9878
9613
8201
7232
8790
9173
9528
9265
7474
4607
9184
9825
4162
5980
9416
9111
9561
7409
8274
9101
9661
8916
7718
3854
8735
8009
6825
8475
365
7670
9211
8373
7095
8387
7670
116
9795
8175
1256
6951
8203
8610
9544
9838
9353
9845
7706
9396
9605
7508
8486
4810
8524
8571
9707
9580
8794
7839
8043
8696
9921
9402
8987
9293
9995
8203
5860
7201
9815
9348
4265
9301
9517
7359
7065
9594
9306
7070
8564
9174
22
7968
5474
3781
9933
8654
9083
9989
8307
8766
3678
9985
7717
9610
9560
5966
9741
9931
6774
9182
8278
8515
8988
3863
9853
4616
7592
9213
7592
9761
9635
6316
6317
9370
8469
8655
9286
8331
8321
8488
9889
9519
7713
8610
9462
9825
7308
9979
9824
9301
9991
4307
9967
5421
6498
9409
2609
9980
9983
9144
9161
7717
6316
4241
8631
9895
6751
3568
7243
8392
4864
8906
7849
9921
7695
6500
9905
9929
9772
8847
1144
8590
9891
22
9456
3809
9161
1256
5402
8963
8768
9926
8670
9643
8566
9595
9901
9856
9117
9101
6947
6971
9593
8674
8716
6876
9900
4608
4242
9847
9242
8096
7505
8219
8781
8920
9598
7885
8612
8472
9413
9551
8012
9859
9560
7716
7709
365
9143
7804
9382
9660
8979
9728
1144
8885
9344
4162
9882
9980
9956
9582
7511
8531
8691
7780
8271
8707
9314
9639
3865
8531
9359
9496
9995
9351
9656
3568
9484
5855
8009
9028
9858
7622
7428
6749
8880
9334
9444
4920
8911
7848
9925
9663
6241
9421
9958
7625
9112
8470
7709
8974
9621
8490
8051
9165
9664
6987
8736
9026
8901
8755
9657
9964
8410
9953
8515
