822
763
2
167
561
55
745
6
143
92
327
144
163
594
214
91
577
802
186
898
280
802
738
136
737
560
813
152
583
473
145
66
1192
169
507
489
294
785
132
68
507
603
169
1097
575
763
3
737
933
294
594
601
54
555
479
293
882
701
754
139
246
600
112
703
881
589
570
132
829
109
814
760
135
293
733
177
136
6
7
767
583
334
829
814
135
6
767
493
167
727
762
573
560
109
181
748
738
735
169
581
738
507
282
280
576
494
783
701
167
476
898
1024
7
103
738
739
227
881
184
762
95
1192
151
560
589
757
561
55
135
243
2
797
135
583
109
6
280
802
1
571
766
507
575
773
573
183
146
173
573
701
606
694
779
734
763
775
589
184
95
489
138
488
184
794
805
186
762
183
587
604
474
138
717
576
327
153
170
479
329
561
1097
133
143
294
143
1097
769
171
792
479
6
603
775
240
246
227
785
172
6
172
734
594
166
10
294
760
97
561
727
141
186
54
475
784
701
153
10
167
130
705
132
575
933
931
321
747
184
131
933
141
280
602
246
490
145
246
1097
760
555
813
54
185
473
280
805
66
71
327
652
293
652
71
476
800
766
71
1
489
479
293
170
92
186
606
732
320
507
739
576
781
745
145
184
134
215
555
134
153
762
173
90
473
734
136
494
7
327
186
762
814
214
748
576
882
762
55
748
881
173
240
175
652
186
802
167
652
476
745
757
280
783
185
250
227
881
822
294
188
74
112
10
485
190
240
705
489
163
113
139
112
575
489
171
166
10
598
577
745
757
573
733
882
141
1097
170
716
6
186
475
224
221
143
155
181
250
98
601
477
600
717
652
144
583
805
55
198
1097
1196
167
576
784
598
802
92
171
139
66
165
561
762
602
573
293
800
55
131
580
805
112
90
163
155
733
133
581
54
109
739
594
797
240
477
135
294
652
66
198
754
134
701
113
583
489
474
151
92
148
471
246
6
97
221
321
736
66
476
773
493
91
729
198
186
139
152
334
727
2
570
882
754
165
471
829
694
55
779
604
145
741
139
474
112
151
294
188
882
473
171
214
135
2
765
294
172
171
829
583
560
167
773
694
101
476
814
190
933
705
476
471
163
805
192
74
1097
109
479
95
145
716
227
103
581
757
733
55
163
152
55
192
507
327
742
733
1097
760
802
240
762
250
600
238
784
494
10
555
182
130
66
606
153
214
98
766
74
579
151
181
735
827
192
71
320
103
762
881
475
741
717
188
214
475
933
246
507
181
601
604
66
90
814
239
1196
600
583
186
485
737
739
822
145
827
192
794
135
589
507
827
138
594
2
169
477
1024
494
1196
139
471
475
143
183
785
171
583
490
705
742
748
479
882
238
151
282
214
152
783
794
165
227
323
493
785
931
931
329
583
604
54
577
560
742
173
246
167
215
742
182
757
177
753
762
215
7
109
136
146
323
739
580
652
171
172
91
293
182
138
805
507
98
167
717
144
485
800
701
97
485
54
555
186
933
754
190
100
1192
166
131
473
737
471
134
144
827
321
652
280
165
131
66
898
153
829
575
747
741
327
192
600
754
132
827
130
579
477
762
250
66
493
733
471
606
1024
145
601
146
573
488
163
172
737
739
6
74
109
489
763
55
95
167
473
227
293
1196
214
215
694
494
92
294
474
190
173
214
576
224
238
184
775
581
139
735
151
933
652
92
579
802
814
733
476
68
243
727
737
781
293
881
188
489
762
92
334
931
151
227
224
558
931
181
763
2
214
183
186
781
729
152
175
881
71
717
166
575
140
745
166
167
581
762
155
757
165
139
476
185
329
765
734
551
327
555
493
71
766
239
131
166
71
701
243
177
54
727
765
794
139
473
294
170
109
146
101
494
555
775
754
132
579
152
170
474
560
742
589
729
71
136
775
475
138
580
580
169
135
170
169
802
147
576
327
135
184
113
488
90
329
131
737
602
3
190
131
881
148
881
760
294
741
130
717
224
130
765
103
775
130
489
765
134
802
765
323
735
2
494
589
767
173
10
246
589
705
163
480
473
181
175
716
763
577
754
571
327
250
717
100
239
479
133
55
141
68
173
736
703
747
473
130
747
280
282
773
294
783
188
551
783
171
600
163
172
144
153
601
167
797
66
293
779
738
717
703
474
134
800
813
321
717
329
163
805
130
327
606
739
581
598
320
762
54
165
732
705
163
320
604
6
7
91
113
763
741
246
282
716
240
573
757
598
90
766
321
139
227
134
763
474
215
882
186
881
703
493
602
177
603
652
701
797
898
606
132
741
141
6
113
701
601
130
739
493
