122
7
106
18
60
44
30
53
82
128
122
7
106
18
60
44
30
53
82
128
122
7
106
18
60
44
30
53
82
128
122
7
106
18
60
44
30
53
82
128
122
7
106
18
60
44
30
53
82
128
122
7
106
18
60
44
30
53
82
128
122
7
106
18
60
44
30
53
82
128
122
7
106
18
60
44
30
53
82
128
122
7
106
18
60
44
30
53
82
128
122
7
106
18
60
44
30
53
82
128
122
7
106
18
60
44
30
53
82
128
122
7
106
18
60
44
30
53
82
128
122
7
106
18
60
44
30
53
82
128
122
7
106
18
60
44
30
53
82
128
122
7
106
18
60
44
30
53
82
128
122
7
106
18
60
44
30
53
82
128
122
7
106
18
60
44
30
53
82
128
122
7
106
18
60
44
30
53
82
128
122
7
106
18
60
44
30
53
82
128
122
7
106
18
60
44
30
53
82
128
122
7
106
18
60
44
30
53
82
128
122
7
106
18
60
44
30
53
82
128
122
7
106
18
60
44
30
53
82
128
122
7
106
18
60
44
30
53
82
128
122
7
106
18
60
44
30
53
82
128
122
7
106
18
60
44
30
53
82
128
122
7
106
18
60
44
30
53
82
128
122
7
106
18
60
44
30
53
82
128
122
7
106
18
60
44
30
53
82
128
122
7
106
18
60
44
30
53
82
128
122
7
106
18
60
44
30
53
82
128
122
7
106
18
60
44
30
53
82
128
122
7
106
18
60
44
30
53
82
128
122
7
106
18
60
44
30
53
82
128
122
7
106
18
60
44
30
53
82
128
122
7
106
18
60
44
30
53
82
128
122
7
106
18
60
44
30
53
82
128
122
7
106
18
60
44
30
53
82
128
122
7
106
18
60
44
30
53
82
128
122
7
106
18
60
44
30
53
82
128
122
7
106
18
60
44
30
53
82
128
122
7
106
18
60
44
30
53
82
128
122
7
106
18
60
44
30
53
82
128
122
7
106
18
60
44
30
53
82
128
122
7
106
18
60
44
30
53
82
128
122
7
106
18
60
44
30
53
82
128
122
7
106
18
60
44
30
53
82
128
122
7
106
18
60
44
30
53
82
128
122
7
106
18
60
44
30
53
82
128
122
7
106
18
60
44
30
53
82
128
