11
108
75
111
17
115
2
113
57
53
11
108
75
111
17
115
2
113
57
53
11
108
75
111
17
115
2
113
57
53
11
108
75
111
17
115
2
113
57
53
11
108
75
111
17
115
2
113
57
53
11
108
75
111
17
115
2
113
57
53
11
108
75
111
17
115
2
113
57
53
11
108
75
111
17
115
2
113
57
53
11
108
75
111
17
115
2
113
57
53
11
108
75
111
17
115
2
113
57
53
11
108
75
111
17
115
2
113
57
53
11
108
75
111
17
115
2
113
57
53
11
108
75
111
17
115
2
113
57
53
11
108
75
111
17
115
2
113
57
53
11
108
75
111
17
115
2
113
57
53
11
108
75
111
17
115
2
113
57
53
11
108
75
111
17
115
2
113
57
53
11
108
75
111
17
115
2
113
57
53
11
108
75
111
17
115
2
113
57
53
11
108
75
111
17
115
2
113
57
53
11
108
75
111
17
115
2
113
57
53
11
108
75
111
17
115
2
113
57
53
11
108
75
111
17
115
2
113
57
53
11
108
75
111
17
115
2
113
57
53
11
108
75
111
17
115
2
113
57
53
11
108
75
111
17
115
2
113
57
53
11
108
75
111
17
115
2
113
57
53
11
108
75
111
17
115
2
113
57
53
11
108
75
111
17
115
2
113
57
53
11
108
75
111
17
115
2
113
57
53
11
108
75
111
17
115
2
113
57
53
11
108
75
111
17
115
2
113
57
53
11
108
75
111
17
115
2
113
57
53
11
108
75
111
17
115
2
113
57
53
11
108
75
111
17
115
2
113
57
53
11
108
75
111
17
115
2
113
57
53
11
108
75
111
17
115
2
113
57
53
11
108
75
111
17
115
2
113
57
53
11
108
75
111
17
115
2
113
57
53
11
108
75
111
17
115
2
113
57
53
11
108
75
111
17
115
2
113
57
53
11
108
75
111
17
115
2
113
57
53
11
108
75
111
17
115
2
113
57
53
11
108
75
111
17
115
2
113
57
53
11
108
75
111
17
115
2
113
57
53
11
108
75
111
17
115
2
113
57
53
11
108
75
111
17
115
2
113
57
53
11
108
75
111
17
115
2
113
57
53
11
108
75
111
17
115
2
113
57
53
11
108
75
111
17
115
2
113
57
53
