3
165
9
6
87
189
164
130
176
147
3
165
9
6
87
189
164
130
176
147
3
165
9
6
87
189
164
130
176
147
3
165
9
6
87
189
164
130
176
147
3
165
9
6
87
189
164
130
176
147
3
165
9
6
87
189
164
130
176
147
3
165
9
6
87
189
164
130
176
147
3
165
9
6
87
189
164
130
176
147
3
165
9
6
87
189
164
130
176
147
3
165
9
6
87
189
164
130
176
147
3
165
9
6
87
189
164
130
176
147
3
165
9
6
87
189
164
130
176
147
3
165
9
6
87
189
164
130
176
147
3
165
9
6
87
189
164
130
176
147
3
165
9
6
87
189
164
130
176
147
3
165
9
6
87
189
164
130
176
147
3
165
9
6
87
189
164
130
176
147
3
165
9
6
87
189
164
130
176
147
3
165
9
6
87
189
164
130
176
147
3
165
9
6
87
189
164
130
176
147
3
165
9
6
87
189
164
130
176
147
3
165
9
6
87
189
164
130
176
147
3
165
9
6
87
189
164
130
176
147
3
165
9
6
87
189
164
130
176
147
3
165
9
6
87
189
164
130
176
147
3
165
9
6
87
189
164
130
176
147
3
165
9
6
87
189
164
130
176
147
3
165
9
6
87
189
164
130
176
147
3
165
9
6
87
189
164
130
176
147
3
165
9
6
87
189
164
130
176
147
3
165
9
6
87
189
164
130
176
147
3
165
9
6
87
189
164
130
176
147
3
165
9
6
87
189
164
130
176
147
3
165
9
6
87
189
164
130
176
147
3
165
9
6
87
189
164
130
176
147
3
165
9
6
87
189
164
130
176
147
3
165
9
6
87
189
164
130
176
147
3
165
9
6
87
189
164
130
176
147
3
165
9
6
87
189
164
130
176
147
3
165
9
6
87
189
164
130
176
147
3
165
9
6
87
189
164
130
176
147
3
165
9
6
87
189
164
130
176
147
3
165
9
6
87
189
164
130
176
147
3
165
9
6
87
189
164
130
176
147
3
165
9
6
87
189
164
130
176
147
3
165
9
6
87
189
164
130
176
147
3
165
9
6
87
189
164
130
176
147
3
165
9
6
87
189
164
130
176
147
3
165
9
6
87
189
164
130
176
147
3
165
9
6
87
189
164
130
176
147
