1
3
23
31
22
1
3
23
31
22
1
3
23
31
22
1
3
23
31
22
1
3
23
31
22
1
3
23
31
22
1
3
23
31
22
1
3
23
31
22
1
3
23
31
22
1
3
23
31
22
1
3
23
31
22
1
3
23
31
22
1
3
23
31
22
1
3
23
31
22
1
3
23
31
22
1
3
23
31
22
1
3
23
31
22
1
3
23
31
22
1
3
23
31
22
1
3
23
31
22
1
3
23
31
22
1
3
23
31
22
1
3
23
31
22
1
3
23
31
22
1
3
23
31
22
1
3
23
31
22
1
3
23
31
22
1
3
23
31
22
1
3
23
31
22
1
3
23
31
22
1
3
23
31
22
1
3
23
31
22
1
3
23
31
22
1
3
23
31
22
1
3
23
31
22
1
3
23
31
22
1
3
23
31
22
1
3
23
31
22
1
3
23
31
22
1
3
23
31
22
1
3
23
31
22
1
3
23
31
22
1
3
23
31
22
1
3
23
31
22
1
3
23
31
22
1
3
23
31
22
1
3
23
31
22
1
3
23
31
22
1
3
23
31
22
1
3
23
31
22
