17
58
18
50
8
52
121
85
77
1
17
58
18
50
8
52
121
85
77
1
17
58
18
50
8
52
121
85
77
1
17
58
18
50
8
52
121
85
77
1
17
58
18
50
8
52
121
85
77
1
17
58
18
50
8
52
121
85
77
1
17
58
18
50
8
52
121
85
77
1
17
58
18
50
8
52
121
85
77
1
17
58
18
50
8
52
121
85
77
1
17
58
18
50
8
52
121
85
77
1
17
58
18
50
8
52
121
85
77
1
17
58
18
50
8
52
121
85
77
1
17
58
18
50
8
52
121
85
77
1
17
58
18
50
8
52
121
85
77
1
17
58
18
50
8
52
121
85
77
1
17
58
18
50
8
52
121
85
77
1
17
58
18
50
8
52
121
85
77
1
17
58
18
50
8
52
121
85
77
1
17
58
18
50
8
52
121
85
77
1
17
58
18
50
8
52
121
85
77
1
17
58
18
50
8
52
121
85
77
1
17
58
18
50
8
52
121
85
77
1
17
58
18
50
8
52
121
85
77
1
17
58
18
50
8
52
121
85
77
1
17
58
18
50
8
52
121
85
77
1
17
58
18
50
8
52
121
85
77
1
17
58
18
50
8
52
121
85
77
1
17
58
18
50
8
52
121
85
77
1
17
58
18
50
8
52
121
85
77
1
17
58
18
50
8
52
121
85
77
1
17
58
18
50
8
52
121
85
77
1
17
58
18
50
8
52
121
85
77
1
17
58
18
50
8
52
121
85
77
1
17
58
18
50
8
52
121
85
77
1
17
58
18
50
8
52
121
85
77
1
17
58
18
50
8
52
121
85
77
1
17
58
18
50
8
52
121
85
77
1
17
58
18
50
8
52
121
85
77
1
17
58
18
50
8
52
121
85
77
1
17
58
18
50
8
52
121
85
77
1
17
58
18
50
8
52
121
85
77
1
17
58
18
50
8
52
121
85
77
1
17
58
18
50
8
52
121
85
77
1
17
58
18
50
8
52
121
85
77
1
17
58
18
50
8
52
121
85
77
1
17
58
18
50
8
52
121
85
77
1
17
58
18
50
8
52
121
85
77
1
17
58
18
50
8
52
121
85
77
1
17
58
18
50
8
52
121
85
77
1
17
58
18
50
8
52
121
85
77
1
