15
5
53
30
42
15
5
53
30
42
15
5
53
30
42
15
5
53
30
42
15
5
53
30
42
15
5
53
30
42
15
5
53
30
42
15
5
53
30
42
15
5
53
30
42
15
5
53
30
42
15
5
53
30
42
15
5
53
30
42
15
5
53
30
42
15
5
53
30
42
15
5
53
30
42
15
5
53
30
42
15
5
53
30
42
15
5
53
30
42
15
5
53
30
42
15
5
53
30
42
15
5
53
30
42
15
5
53
30
42
15
5
53
30
42
15
5
53
30
42
15
5
53
30
42
15
5
53
30
42
15
5
53
30
42
15
5
53
30
42
15
5
53
30
42
15
5
53
30
42
15
5
53
30
42
15
5
53
30
42
15
5
53
30
42
15
5
53
30
42
15
5
53
30
42
15
5
53
30
42
15
5
53
30
42
15
5
53
30
42
15
5
53
30
42
15
5
53
30
42
15
5
53
30
42
15
5
53
30
42
15
5
53
30
42
15
5
53
30
42
15
5
53
30
42
15
5
53
30
42
15
5
53
30
42
15
5
53
30
42
15
5
53
30
42
15
5
53
30
42
