8
55
53
116
289
117
9
119
19
115
8
55
53
116
289
117
9
119
19
115
8
55
53
116
289
117
9
119
19
115
8
55
53
116
289
117
9
119
19
115
8
55
53
116
289
117
9
119
19
115
8
55
53
116
289
117
9
119
19
115
8
55
53
116
289
117
9
119
19
115
8
55
53
116
289
117
9
119
19
115
8
55
53
116
289
117
9
119
19
115
8
55
53
116
289
117
9
119
19
115
8
55
53
116
289
117
9
119
19
115
8
55
53
116
289
117
9
119
19
115
8
55
53
116
289
117
9
119
19
115
8
55
53
116
289
117
9
119
19
115
8
55
53
116
289
117
9
119
19
115
8
55
53
116
289
117
9
119
19
115
8
55
53
116
289
117
9
119
19
115
8
55
53
116
289
117
9
119
19
115
8
55
53
116
289
117
9
119
19
115
8
55
53
116
289
117
9
119
19
115
8
55
53
116
289
117
9
119
19
115
8
55
53
116
289
117
9
119
19
115
8
55
53
116
289
117
9
119
19
115
8
55
53
116
289
117
9
119
19
115
8
55
53
116
289
117
9
119
19
115
8
55
53
116
289
117
9
119
19
115
8
55
53
116
289
117
9
119
19
115
8
55
53
116
289
117
9
119
19
115
8
55
53
116
289
117
9
119
19
115
8
55
53
116
289
117
9
119
19
115
8
55
53
116
289
117
9
119
19
115
8
55
53
116
289
117
9
119
19
115
8
55
53
116
289
117
9
119
19
115
8
55
53
116
289
117
9
119
19
115
8
55
53
116
289
117
9
119
19
115
8
55
53
116
289
117
9
119
19
115
8
55
53
116
289
117
9
119
19
115
8
55
53
116
289
117
9
119
19
115
8
55
53
116
289
117
9
119
19
115
8
55
53
116
289
117
9
119
19
115
8
55
53
116
289
117
9
119
19
115
8
55
53
116
289
117
9
119
19
115
8
55
53
116
289
117
9
119
19
115
8
55
53
116
289
117
9
119
19
115
8
55
53
116
289
117
9
119
19
115
8
55
53
116
289
117
9
119
19
115
8
55
53
116
289
117
9
119
19
115
8
55
53
116
289
117
9
119
19
115
8
55
53
116
289
117
9
119
19
115
8
55
53
116
289
117
9
119
19
115
