15
17
103
129
160
21
106
16
30
121
190
102
141
399
664
96
104
585
402
145
15
17
103
129
160
21
106
16
30
121
190
102
141
399
664
96
104
585
402
145
15
17
103
129
160
21
106
16
30
121
190
102
141
399
664
96
104
585
402
145
15
17
103
129
160
21
106
16
30
121
190
102
141
399
664
96
104
585
402
145
15
17
103
129
160
21
106
16
30
121
190
102
141
399
664
96
104
585
402
145
15
17
103
129
160
21
106
16
30
121
190
102
141
399
664
96
104
585
402
145
15
17
103
129
160
21
106
16
30
121
190
102
141
399
664
96
104
585
402
145
15
17
103
129
160
21
106
16
30
121
190
102
141
399
664
96
104
585
402
145
15
17
103
129
160
21
106
16
30
121
190
102
141
399
664
96
104
585
402
145
15
17
103
129
160
21
106
16
30
121
190
102
141
399
664
96
104
585
402
145
15
17
103
129
160
21
106
16
30
121
190
102
141
399
664
96
104
585
402
145
15
17
103
129
160
21
106
16
30
121
190
102
141
399
664
96
104
585
402
145
15
17
103
129
160
21
106
16
30
121
190
102
141
399
664
96
104
585
402
145
15
17
103
129
160
21
106
16
30
121
190
102
141
399
664
96
104
585
402
145
15
17
103
129
160
21
106
16
30
121
190
102
141
399
664
96
104
585
402
145
15
17
103
129
160
21
106
16
30
121
190
102
141
399
664
96
104
585
402
145
15
17
103
129
160
21
106
16
30
121
190
102
141
399
664
96
104
585
402
145
15
17
103
129
160
21
106
16
30
121
190
102
141
399
664
96
104
585
402
145
15
17
103
129
160
21
106
16
30
121
190
102
141
399
664
96
104
585
402
145
15
17
103
129
160
21
106
16
30
121
190
102
141
399
664
96
104
585
402
145
15
17
103
129
160
21
106
16
30
121
190
102
141
399
664
96
104
585
402
145
15
17
103
129
160
21
106
16
30
121
190
102
141
399
664
96
104
585
402
145
15
17
103
129
160
21
106
16
30
121
190
102
141
399
664
96
104
585
402
145
15
17
103
129
160
21
106
16
30
121
190
102
141
399
664
96
104
585
402
145
15
17
103
129
160
21
106
16
30
121
190
102
141
399
664
96
104
585
402
145
15
17
103
129
160
21
106
16
30
121
190
102
141
399
664
96
104
585
402
145
15
17
103
129
160
21
106
16
30
121
190
102
141
399
664
96
104
585
402
145
15
17
103
129
160
21
106
16
30
121
190
102
141
399
664
96
104
585
402
145
15
17
103
129
160
21
106
16
30
121
190
102
141
399
664
96
104
585
402
145
15
17
103
129
160
21
106
16
30
121
190
102
141
399
664
96
104
585
402
145
15
17
103
129
160
21
106
16
30
121
190
102
141
399
664
96
104
585
402
145
15
17
103
129
160
21
106
16
30
121
190
102
141
399
664
96
104
585
402
145
15
17
103
129
160
21
106
16
30
121
190
102
141
399
664
96
104
585
402
145
15
17
103
129
160
21
106
16
30
121
190
102
141
399
664
96
104
585
402
145
15
17
103
129
160
21
106
16
30
121
190
102
141
399
664
96
104
585
402
145
15
17
103
129
160
21
106
16
30
121
190
102
141
399
664
96
104
585
402
145
15
17
103
129
160
21
106
16
30
121
190
102
141
399
664
96
104
585
402
145
15
17
103
129
160
21
106
16
30
121
190
102
141
399
664
96
104
585
402
145
15
17
103
129
160
21
106
16
30
121
190
102
141
399
664
96
104
585
402
145
15
17
103
129
160
21
106
16
30
121
190
102
141
399
664
96
104
585
402
145
15
17
103
129
160
21
106
16
30
121
190
102
141
399
664
96
104
585
402
145
15
17
103
129
160
21
106
16
30
121
190
102
141
399
664
96
104
585
402
145
15
17
103
129
160
21
106
16
30
121
190
102
141
399
664
96
104
585
402
145
15
17
103
129
160
21
106
16
30
121
190
102
141
399
664
96
104
585
402
145
15
17
103
129
160
21
106
16
30
121
190
102
141
399
664
96
104
585
402
145
15
17
103
129
160
21
106
16
30
121
190
102
141
399
664
96
104
585
402
145
15
17
103
129
160
21
106
16
30
121
190
102
141
399
664
96
104
585
402
145
15
17
103
129
160
21
106
16
30
121
190
102
141
399
664
96
104
585
402
145
15
17
103
129
160
21
106
16
30
121
190
102
141
399
664
96
104
585
402
145
15
17
103
129
160
21
106
16
30
121
190
102
141
399
664
96
104
585
402
145
