545
184
455
705
489
6
256
496
326
549
318
120
255
410
1171
358
546
254
447
14
9
364
388
261
618
545
184
455
705
489
6
256
496
326
549
318
120
255
410
1171
358
546
254
447
14
9
364
388
261
618
545
184
455
705
489
6
256
496
326
549
318
120
255
410
1171
358
546
254
447
14
9
364
388
261
618
545
184
455
705
489
6
256
496
326
549
318
120
255
410
1171
358
546
254
447
14
9
364
388
261
618
545
184
455
705
489
6
256
496
326
549
318
120
255
410
1171
358
546
254
447
14
9
364
388
261
618
545
184
455
705
489
6
256
496
326
549
318
120
255
410
1171
358
546
254
447
14
9
364
388
261
618
545
184
455
705
489
6
256
496
326
549
318
120
255
410
1171
358
546
254
447
14
9
364
388
261
618
545
184
455
705
489
6
256
496
326
549
318
120
255
410
1171
358
546
254
447
14
9
364
388
261
618
545
184
455
705
489
6
256
496
326
549
318
120
255
410
1171
358
546
254
447
14
9
364
388
261
618
545
184
455
705
489
6
256
496
326
549
318
120
255
410
1171
358
546
254
447
14
9
364
388
261
618
545
184
455
705
489
6
256
496
326
549
318
120
255
410
1171
358
546
254
447
14
9
364
388
261
618
545
184
455
705
489
6
256
496
326
549
318
120
255
410
1171
358
546
254
447
14
9
364
388
261
618
545
184
455
705
489
6
256
496
326
549
318
120
255
410
1171
358
546
254
447
14
9
364
388
261
618
545
184
455
705
489
6
256
496
326
549
318
120
255
410
1171
358
546
254
447
14
9
364
388
261
618
545
184
455
705
489
6
256
496
326
549
318
120
255
410
1171
358
546
254
447
14
9
364
388
261
618
545
184
455
705
489
6
256
496
326
549
318
120
255
410
1171
358
546
254
447
14
9
364
388
261
618
545
184
455
705
489
6
256
496
326
549
318
120
255
410
1171
358
546
254
447
14
9
364
388
261
618
545
184
455
705
489
6
256
496
326
549
318
120
255
410
1171
358
546
254
447
14
9
364
388
261
618
545
184
455
705
489
6
256
496
326
549
318
120
255
410
1171
358
546
254
447
14
9
364
388
261
618
545
184
455
705
489
6
256
496
326
549
318
120
255
410
1171
358
546
254
447
14
9
364
388
261
618
545
184
455
705
489
6
256
496
326
549
318
120
255
410
1171
358
546
254
447
14
9
364
388
261
618
545
184
455
705
489
6
256
496
326
549
318
120
255
410
1171
358
546
254
447
14
9
364
388
261
618
545
184
455
705
489
6
256
496
326
549
318
120
255
410
1171
358
546
254
447
14
9
364
388
261
618
545
184
455
705
489
6
256
496
326
549
318
120
255
410
1171
358
546
254
447
14
9
364
388
261
618
545
184
455
705
489
6
256
496
326
549
318
120
255
410
1171
358
546
254
447
14
9
364
388
261
618
545
184
455
705
489
6
256
496
326
549
318
120
255
410
1171
358
546
254
447
14
9
364
388
261
618
545
184
455
705
489
6
256
496
326
549
318
120
255
410
1171
358
546
254
447
14
9
364
388
261
618
545
184
455
705
489
6
256
496
326
549
318
120
255
410
1171
358
546
254
447
14
9
364
388
261
618
545
184
455
705
489
6
256
496
326
549
318
120
255
410
1171
358
546
254
447
14
9
364
388
261
618
545
184
455
705
489
6
256
496
326
549
318
120
255
410
1171
358
546
254
447
14
9
364
388
261
618
545
184
455
705
489
6
256
496
326
549
318
120
255
410
1171
358
546
254
447
14
9
364
388
261
618
545
184
455
705
489
6
256
496
326
549
318
120
255
410
1171
358
546
254
447
14
9
364
388
261
618
545
184
455
705
489
6
256
496
326
549
318
120
255
410
1171
358
546
254
447
14
9
364
388
261
618
545
184
455
705
489
6
256
496
326
549
318
120
255
410
1171
358
546
254
447
14
9
364
388
261
618
545
184
455
705
489
6
256
496
326
549
318
120
255
410
1171
358
546
254
447
14
9
364
388
261
618
545
184
455
705
489
6
256
496
326
549
318
120
255
410
1171
358
546
254
447
14
9
364
388
261
618
545
184
455
705
489
6
256
496
326
549
318
120
255
410
1171
358
546
254
447
14
9
364
388
261
618
545
184
455
705
489
6
256
496
326
549
318
120
255
410
1171
358
546
254
447
14
9
364
388
261
618
545
184
455
705
489
6
256
496
326
549
318
120
255
410
1171
358
546
254
447
14
9
364
388
261
618
545
184
455
705
489
6
256
496
326
549
318
120
255
410
1171
358
546
254
447
14
9
364
388
261
618
545
184
455
705
489
6
256
496
326
549
318
120
255
410
1171
358
546
254
447
14
9
364
388
261
618
545
184
455
705
489
6
256
496
326
549
318
120
255
410
1171
358
546
254
447
14
9
364
388
261
618
545
184
455
705
489
6
256
496
326
549
318
120
255
410
1171
358
546
254
447
14
9
364
388
261
618
545
184
455
705
489
6
256
496
326
549
318
120
255
410
1171
358
546
254
447
14
9
364
388
261
618
545
184
455
705
489
6
256
496
326
549
318
120
255
410
1171
358
546
254
447
14
9
364
388
261
618
545
184
455
705
489
6
256
496
326
549
318
120
255
410
1171
358
546
254
447
14
9
364
388
261
618
545
184
455
705
489
6
256
496
326
549
318
120
255
410
1171
358
546
254
447
14
9
364
388
261
618
545
184
455
705
489
6
256
496
326
549
318
120
255
410
1171
358
546
254
447
14
9
364
388
261
618
545
184
455
705
489
6
256
496
326
549
318
120
255
410
1171
358
546
254
447
14
9
364
388
261
618
545
184
455
705
489
6
256
496
326
549
318
120
255
410
1171
358
546
254
447
14
9
364
388
261
618
