178
172
166
13
697
690
196
169
1696
1505
1749
154
1414
105
195
122
529
528
60
1599
420
1688
804
1489
409
2721
205
889
785
170
371
336
2280
171
1732
178
172
166
13
697
690
196
169
1696
1505
1749
154
1414
105
195
122
529
528
60
1599
420
1688
804
1489
409
2721
205
889
785
170
371
336
2280
171
1732
178
172
166
13
697
690
196
169
1696
1505
1749
154
1414
105
195
122
529
528
60
1599
420
1688
804
1489
409
2721
205
889
785
170
371
336
2280
171
1732
178
172
166
13
697
690
196
169
1696
1505
1749
154
1414
105
195
122
529
528
60
1599
420
1688
804
1489
409
2721
205
889
785
170
371
336
2280
171
1732
178
172
166
13
697
690
196
169
1696
1505
1749
154
1414
105
195
122
529
528
60
1599
420
1688
804
1489
409
2721
205
889
785
170
371
336
2280
171
1732
178
172
166
13
697
690
196
169
1696
1505
1749
154
1414
105
195
122
529
528
60
1599
420
1688
804
1489
409
2721
205
889
785
170
371
336
2280
171
1732
178
172
166
13
697
690
196
169
1696
1505
1749
154
1414
105
195
122
529
528
60
1599
420
1688
804
1489
409
2721
205
889
785
170
371
336
2280
171
1732
178
172
166
13
697
690
196
169
1696
1505
1749
154
1414
105
195
122
529
528
60
1599
420
1688
804
1489
409
2721
205
889
785
170
371
336
2280
171
1732
178
172
166
13
697
690
196
169
1696
1505
1749
154
1414
105
195
122
529
528
60
1599
420
1688
804
1489
409
2721
205
889
785
170
371
336
2280
171
1732
178
172
166
13
697
690
196
169
1696
1505
1749
154
1414
105
195
122
529
528
60
1599
420
1688
804
1489
409
2721
205
889
785
170
371
336
2280
171
1732
178
172
166
13
697
690
196
169
1696
1505
1749
154
1414
105
195
122
529
528
60
1599
420
1688
804
1489
409
2721
205
889
785
170
371
336
2280
171
1732
178
172
166
13
697
690
196
169
1696
1505
1749
154
1414
105
195
122
529
528
60
1599
420
1688
804
1489
409
2721
205
889
785
170
371
336
2280
171
1732
178
172
166
13
697
690
196
169
1696
1505
1749
154
1414
105
195
122
529
528
60
1599
420
1688
804
1489
409
2721
205
889
785
170
371
336
2280
171
1732
178
172
166
13
697
690
196
169
1696
1505
1749
154
1414
105
195
122
529
528
60
1599
420
1688
804
1489
409
2721
205
889
785
170
371
336
2280
171
1732
178
172
166
13
697
690
196
169
1696
1505
1749
154
1414
105
195
122
529
528
60
1599
420
1688
804
1489
409
2721
205
889
785
170
371
336
2280
171
1732
178
172
166
13
697
690
196
169
1696
1505
1749
154
1414
105
195
122
529
528
60
1599
420
1688
804
1489
409
2721
205
889
785
170
371
336
2280
171
1732
178
172
166
13
697
690
196
169
1696
1505
1749
154
1414
105
195
122
529
528
60
1599
420
1688
804
1489
409
2721
205
889
785
170
371
336
2280
171
1732
178
172
166
13
697
690
196
169
1696
1505
1749
154
1414
105
195
122
529
528
60
1599
420
1688
804
1489
409
2721
205
889
785
170
371
336
2280
171
1732
178
172
166
13
697
690
196
169
1696
1505
1749
154
1414
105
195
122
529
528
60
1599
420
1688
804
1489
409
2721
205
889
785
170
371
336
2280
171
1732
178
172
166
13
697
690
196
169
1696
1505
1749
154
1414
105
195
122
529
528
60
1599
420
1688
804
1489
409
2721
205
889
785
170
371
336
2280
171
1732
178
172
166
13
697
690
196
169
1696
1505
1749
154
1414
105
195
122
529
528
60
1599
420
1688
804
1489
409
2721
205
889
785
170
371
336
2280
171
1732
178
172
166
13
697
690
196
169
1696
1505
1749
154
1414
105
195
122
529
528
60
1599
420
1688
804
1489
409
2721
205
889
785
170
371
336
2280
171
1732
178
172
166
13
697
690
196
169
1696
1505
1749
154
1414
105
195
122
529
528
60
1599
420
1688
804
1489
409
2721
205
889
785
170
371
336
2280
171
1732
178
172
166
13
697
690
196
169
1696
1505
1749
154
1414
105
195
122
529
528
60
1599
420
1688
804
1489
409
2721
205
889
785
170
371
336
2280
171
1732
178
172
166
13
697
690
196
169
1696
1505
1749
154
1414
105
195
122
529
528
60
1599
420
1688
804
1489
409
2721
205
889
785
170
371
336
2280
171
1732
178
172
166
13
697
690
196
169
1696
1505
1749
154
1414
105
195
122
529
528
60
1599
420
1688
804
1489
409
2721
205
889
785
170
371
336
2280
171
1732
178
172
166
13
697
690
196
169
1696
1505
1749
154
1414
105
195
122
529
528
60
1599
420
1688
804
1489
409
2721
205
889
785
170
371
336
2280
171
1732
178
172
166
13
697
690
196
169
1696
1505
1749
154
1414
105
195
122
529
528
60
1599
420
1688
804
1489
409
2721
205
889
785
170
371
336
2280
171
1732
178
172
166
13
697
690
196
169
1696
1505
1749
154
1414
105
195
122
529
528
60
1599
420
1688
804
1489
409
2721
205
889
785
170
371
336
2280
171
1732
178
172
166
13
697
690
196
169
1696
1505
1749
154
1414
105
195
122
529
528
60
1599
420
1688
804
1489
409
2721
205
889
785
170
371
336
2280
171
1732
178
172
166
13
697
690
196
169
1696
1505
1749
154
1414
105
195
122
529
528
60
1599
420
1688
804
1489
409
2721
205
889
785
170
371
336
2280
171
1732
178
172
166
13
697
690
196
169
1696
1505
1749
154
1414
105
195
122
529
528
60
1599
420
1688
804
1489
409
2721
205
889
785
170
371
336
2280
171
1732
178
172
166
13
697
690
196
169
1696
1505
1749
154
1414
105
195
122
529
528
60
1599
420
1688
804
1489
409
2721
205
889
785
170
371
336
2280
171
1732
178
172
166
13
697
690
196
169
1696
1505
1749
154
1414
105
195
122
529
528
60
1599
420
1688
804
1489
409
2721
205
889
785
170
371
336
2280
171
1732
178
172
166
13
697
690
196
169
1696
1505
1749
154
1414
105
195
122
529
528
60
1599
420
1688
804
1489
409
2721
205
889
785
170
371
336
2280
171
1732
178
172
166
13
697
690
196
169
1696
1505
1749
154
1414
105
195
122
529
528
60
1599
420
1688
804
1489
409
2721
205
889
785
170
371
336
2280
171
1732
178
172
166
13
697
690
196
169
1696
1505
1749
154
1414
105
195
122
529
528
60
1599
420
1688
804
1489
409
2721
205
889
785
170
371
336
2280
171
1732
178
172
166
13
697
690
196
169
1696
1505
1749
154
1414
105
195
122
529
528
60
1599
420
1688
804
1489
409
2721
205
889
785
170
371
336
2280
171
1732
178
172
166
13
697
690
196
169
1696
1505
1749
154
1414
105
195
122
529
528
60
1599
420
1688
804
1489
409
2721
205
889
785
170
371
336
2280
171
1732
178
172
166
13
697
690
196
169
1696
1505
1749
154
1414
105
195
122
529
528
60
1599
420
1688
804
1489
409
2721
205
889
785
170
371
336
2280
171
1732
178
172
166
13
697
690
196
169
1696
1505
1749
154
1414
105
195
122
529
528
60
1599
420
1688
804
1489
409
2721
205
889
785
170
371
336
2280
171
1732
178
172
166
13
697
690
196
169
1696
1505
1749
154
1414
105
195
122
529
528
60
1599
420
1688
804
1489
409
2721
205
889
785
170
371
336
2280
171
1732
178
172
166
13
697
690
196
169
1696
1505
1749
154
1414
105
195
122
529
528
60
1599
420
1688
804
1489
409
2721
205
889
785
170
371
336
2280
171
1732
178
172
166
13
697
690
196
169
1696
1505
1749
154
1414
105
195
122
529
528
60
1599
420
1688
804
1489
409
2721
205
889
785
170
371
336
2280
171
1732
178
172
166
13
697
690
196
169
1696
1505
1749
154
1414
105
195
122
529
528
60
1599
420
1688
804
1489
409
2721
205
889
785
170
371
336
2280
171
1732
178
172
166
13
697
690
196
169
1696
1505
1749
154
1414
105
195
122
529
528
60
1599
420
1688
804
1489
409
2721
205
889
785
170
371
336
2280
171
1732
178
172
166
13
697
690
196
169
1696
1505
1749
154
1414
105
195
122
529
528
60
1599
420
1688
804
1489
409
2721
205
889
785
170
371
336
2280
171
1732
178
172
166
13
697
690
196
169
1696
1505
1749
154
1414
105
195
122
529
528
60
1599
420
1688
804
1489
409
2721
205
889
785
170
371
336
2280
171
1732
178
172
166
13
697
690
196
169
1696
1505
1749
154
1414
105
195
122
529
528
60
1599
420
1688
804
1489
409
2721
205
889
785
170
371
336
2280
171
1732
178
172
166
13
697
690
196
169
1696
1505
1749
154
1414
105
195
122
529
528
60
1599
420
1688
804
1489
409
2721
205
889
785
170
371
336
2280
171
1732
